running develop
running egg_info
creating agv_bringup.egg-info
writing agv_bringup.egg-info/PKG-INFO
writing dependency_links to agv_bringup.egg-info/dependency_links.txt
writing entry points to agv_bringup.egg-info/entry_points.txt
writing requirements to agv_bringup.egg-info/requires.txt
writing top-level names to agv_bringup.egg-info/top_level.txt
writing manifest file 'agv_bringup.egg-info/SOURCES.txt'
reading manifest file 'agv_bringup.egg-info/SOURCES.txt'
writing manifest file 'agv_bringup.egg-info/SOURCES.txt'
running build_ext
Creating /mnt/d/Ethercat_N753-6AX_AGV/ros2_ws/install/agv_bringup/lib/python3.10/site-packages/agv-bringup.egg-link (link to .)
Installing stm32_bridge_node script to /mnt/d/Ethercat_N753-6AX_AGV/ros2_ws/install/agv_bringup/bin

Installed /mnt/d/Ethercat_N753-6AX_AGV/ros2_ws/build/agv_bringup
running symlink_data
creating /mnt/d/Ethercat_N753-6AX_AGV/ros2_ws/install/agv_bringup/share/ament_index
creating /mnt/d/Ethercat_N753-6AX_AGV/ros2_ws/install/agv_bringup/share/ament_index/resource_index
creating /mnt/d/Ethercat_N753-6AX_AGV/ros2_ws/install/agv_bringup/share/ament_index/resource_index/packages
symbolically linking /mnt/d/Ethercat_N753-6AX_AGV/ros2_ws/build/agv_bringup/resource/agv_bringup -> /mnt/d/Ethercat_N753-6AX_AGV/ros2_ws/install/agv_bringup/share/ament_index/resource_index/packages
symbolically linking /mnt/d/Ethercat_N753-6AX_AGV/ros2_ws/build/agv_bringup/package.xml -> /mnt/d/Ethercat_N753-6AX_AGV/ros2_ws/install/agv_bringup/share/agv_bringup
creating /mnt/d/Ethercat_N753-6AX_AGV/ros2_ws/install/agv_bringup/share/agv_bringup/launch
symbolically linking /mnt/d/Ethercat_N753-6AX_AGV/ros2_ws/build/agv_bringup/launch/full_nav.launch.py -> /mnt/d/Ethercat_N753-6AX_AGV/ros2_ws/install/agv_bringup/share/agv_bringup/launch
symbolically linking /mnt/d/Ethercat_N753-6AX_AGV/ros2_ws/build/agv_bringup/launch/full_slam.launch.py -> /mnt/d/Ethercat_N753-6AX_AGV/ros2_ws/install/agv_bringup/share/agv_bringup/launch
symbolically linking /mnt/d/Ethercat_N753-6AX_AGV/ros2_ws/build/agv_bringup/launch/hardware.launch.py -> /mnt/d/Ethercat_N753-6AX_AGV/ros2_ws/install/agv_bringup/share/agv_bringup/launch
symbolically linking /mnt/d/Ethercat_N753-6AX_AGV/ros2_ws/build/agv_bringup/launch/localization.launch.py -> /mnt/d/Ethercat_N753-6AX_AGV/ros2_ws/install/agv_bringup/share/agv_bringup/launch
symbolically linking /mnt/d/Ethercat_N753-6AX_AGV/ros2_ws/build/agv_bringup/launch/nav2.launch.py -> /mnt/d/Ethercat_N753-6AX_AGV/ros2_ws/install/agv_bringup/share/agv_bringup/launch
symbolically linking /mnt/d/Ethercat_N753-6AX_AGV/ros2_ws/build/agv_bringup/launch/slam.launch.py -> /mnt/d/Ethercat_N753-6AX_AGV/ros2_ws/install/agv_bringup/share/agv_bringup/launch
creating /mnt/d/Ethercat_N753-6AX_AGV/ros2_ws/install/agv_bringup/share/agv_bringup/config
symbolically linking /mnt/d/Ethercat_N753-6AX_AGV/ros2_ws/build/agv_bringup/config/nav2_params.yaml -> /mnt/d/Ethercat_N753-6AX_AGV/ros2_ws/install/agv_bringup/share/agv_bringup/config
symbolically linking /mnt/d/Ethercat_N753-6AX_AGV/ros2_ws/build/agv_bringup/config/rtabmap_params.yaml -> /mnt/d/Ethercat_N753-6AX_AGV/ros2_ws/install/agv_bringup/share/agv_bringup/config
