[0.000000] (-) TimerEvent: {}
[0.000310] (agv_description) JobQueued: {'identifier': 'agv_description', 'dependencies': OrderedDict()}
[0.000536] (agv_bringup) JobQueued: {'identifier': 'agv_bringup', 'dependencies': OrderedDict([('agv_description', '/mnt/d/Ethercat_N753-6AX_AGV/ros2_ws/install/agv_description')])}
[0.000742] (agv_description) JobStarted: {'identifier': 'agv_description'}
[0.099431] (-) TimerEvent: {}
[0.200987] (-) TimerEvent: {}
[0.302728] (-) TimerEvent: {}
[0.404384] (-) TimerEvent: {}
[0.506207] (-) TimerEvent: {}
[0.608021] (-) TimerEvent: {}
[0.709414] (-) TimerEvent: {}
[0.811149] (-) TimerEvent: {}
[0.912940] (-) TimerEvent: {}
[1.014485] (-) TimerEvent: {}
[1.069220] (agv_description) Command: {'cmd': ['/usr/bin/python3', '-W', 'ignore:setup.py install is deprecated', '-W', 'ignore:easy_install command is deprecated', 'setup.py', 'develop', '--editable', '--build-directory', '/mnt/d/Ethercat_N753-6AX_AGV/ros2_ws/build/agv_description/build', '--no-deps', 'symlink_data'], 'cwd': '/mnt/d/Ethercat_N753-6AX_AGV/ros2_ws/build/agv_description', 'env': {'USER': 'son', 'SHLVL': '0', 'HOME': '/home/son', 'OLDPWD': '/mnt/d/Ethercat_N753-6AX_AGV', 'DBUS_SESSION_BUS_ADDRESS': 'unix:path=/run/user/1000/bus', 'WSL_DISTRO_NAME': 'Ubuntu-22.04', 'WAYLAND_DISPLAY': 'wayland-0', 'LOGNAME': 'son', 'NAME': 'DESKTOP-3GMVF8B', 'WSL_INTEROP': '/run/WSL/22025_interop', 'PULSE_SERVER': 'unix:/mnt/wslg/PulseServer', '_': '/usr/bin/sh', 'TERM': 'xterm-256color', 'PATH': '/usr/local/sbin:/usr/local/bin:/usr/sbin:/usr/bin:/sbin:/bin:/usr/games:/usr/local/games:/usr/lib/wsl/lib:/mnt/c/Users/BSA/bin:/mnt/c/Program Files/Git/mingw64/bin:/mnt/c/Program Files/Git/usr/local/bin:/mnt/c/Program Files/Git/usr/bin:/mnt/c/Program Files/Git/usr/bin:/mnt/c/Program Files/Git/mingw64/bin:/mnt/c/Program Files/Git/usr/bin:/mnt/c/Users/BSA/bin:/mnt/c/TwinCAT/Common64:/mnt/c/TwinCAT/Common32:/mnt/c/Program Files/Eclipse Adoptium/jdk-11.0.27.6-hotspot/bin:/mnt/c/Users/BSA/AppData/Local/Programs/cursor/resources/app/bin:/mnt/c/Program Files (x86)/NAT Service:/mnt/c/WINDOWS/system32:/mnt/c/WINDOWS:/mnt/c/WINDOWS/System32/Wbem:/mnt/c/WINDOWS/System32/WindowsPowerShell/v1.0:/mnt/c/WINDOWS/System32/OpenSSH:/mnt/c/Program Files/Bandizip:/mnt/c/Program Files/dotnet:/mnt/c/Program Files (x86)/Mitov/Visuino:/mnt/c/Users/BSA/AppData/Local/Microsoft/WindowsApps:/mnt/c/Users/BSA/AppData/Local/Programs/cursor/resources/app/bin:/mnt/c/Users/BSA/AppData/Local/Programs/cursor/resources/app/bin:/mnt/c/Program Files/Git/cmd:/mnt/c/Program Files/nodejs:/mnt/c/Users/BSA/AppData/Roaming/npm:/mnt/c/Users/BSA/AppData/Local/Programs/Python/Python3x:/mnt/c/Users/BSA/AppData/Local/Programs/Python/Python3x/Scripts:/mnt/c/Users/BSA/AppData/Local/Programs/Python/Python3x:/mnt/c/Users/BSA/AppData/Local/Programs/Python/Python313/Scripts:/mnt/c/Program Files/cursor/resources/app/bin:/mnt/c/Program Files/CMake/bin:/mnt/c/Program Files/Microsoft SQL Server/170/Tools/Binn:/mnt/c/Program Files/Microsoft SQL Server/Client SDK/ODBC/170/Tools/Binn:/mnt/c/Program Files (x86)/Windows Kits/10/Windows Performance Toolkit:/mnt/c/Program Files/PowerShell/7:/mnt/c/Program Files/Tailscale:/mnt/c/Ruby34-x64/bin:/mnt/c/TwinCAT/Common64:/mnt/c/TwinCAT/Common32:/mnt/c/Program Files/Eclipse Adoptium/jdk-11.0.27.6-hotspot/bin:/mnt/c/Users/BSA/AppData/Local/Programs/cursor/resources/app/bin:/mnt/c/Program Files (x86)/NAT Service:/mnt/c/WINDOWS/system32:/mnt/c/WINDOWS:/mnt/c/WINDOWS/System32/Wbem:/mnt/c/WINDOWS/System32/WindowsPowerShell/v1.0:/mnt/c/WINDOWS/System32/OpenSSH:/mnt/c/Program Files/Bandizip:/mnt/c/Program Files/dotnet:/mnt/c/Program Files (x86)/Mitov/Visuino:/mnt/c/Users/BSA/AppData/Local/Microsoft/WindowsApps:/mnt/c/Users/BSA/AppData/Local/Programs/cursor/resources/app/bin:/mnt/c/Users/BSA/AppData/Local/Programs/cursor/resources/app/bin:/mnt/c/Program Files/Git/cmd:/mnt/c/Program Files/nodejs:/mnt/c/Users/BSA/AppData/Roaming/npm:/mnt/c/Users/BSA/AppData/Local/Programs/Python/Python3x:/mnt/c/Users/BSA/AppData/Local/Programs/Python/Python3x/Scripts:/mnt/c/Users/BSA/AppData/Local/Programs/Python/Python3x:/mnt/c/Users/BSA/AppData/Local/Programs/Python/Python313/Scripts:/mnt/c/Program Files/cursor/resources/app/bin:/mnt/c/Program Files/CMake/bin:/mnt/c/Program Files/Microsoft SQL Server/170/Tools/Binn:/mnt/c/Program Files/Microsoft SQL Server/Client SDK/ODBC/170/Tools/Binn:/mnt/c/Program Files (x86)/Windows Kits/10/Windows Performance Toolkit:/mnt/c/Program Files/PowerShell/7:/mnt/c/Program Files/Tailscale:/mnt/d/EtherCat_STM32/Tools/ninja:/mnt/c/Users/BSA/AppData/Local/Programs/Microsoft VS Code/bin:/mnt/c/Users/BSA/AppData/Local/Microsoft/WinGet/Links:/mnt/c/Program Files/Git/usr/bin/vendor_perl:/mnt/c/Program Files/Git/usr/bin/core_perl', 'XDG_RUNTIME_DIR': '/run/user/1000', 'DISPLAY': ':0', 'LANG': 'C.UTF-8', 'SHELL': '/bin/bash', 'PWD': '/mnt/d/Ethercat_N753-6AX_AGV/ros2_ws/build/agv_description', 'COLCON': '1', 'WSL2_GUI_APPS_ENABLED': '1', 'HOSTTYPE': 'x86_64', 'WSLENV': '', 'PYTHONPATH': '/mnt/d/Ethercat_N753-6AX_AGV/ros2_ws/build/agv_description/prefix_override:/usr/lib/python3/dist-packages/colcon_core/task/python/colcon_distutils_commands:/mnt/d/Ethercat_N753-6AX_AGV/ros2_ws/install/agv_description/lib/python3.10/site-packages:'}, 'shell': False}
[1.114717] (-) TimerEvent: {}
[1.216179] (-) TimerEvent: {}
[1.317037] (-) TimerEvent: {}
[1.417621] (-) TimerEvent: {}
[1.518960] (-) TimerEvent: {}
[1.596253] (agv_description) StdoutLine: {'line': b'running develop\n'}
[1.619101] (-) TimerEvent: {}
[1.713588] (agv_description) StdoutLine: {'line': b'running egg_info\n'}
[1.714442] (agv_description) StdoutLine: {'line': b'creating agv_description.egg-info\n'}
[1.715267] (agv_description) StdoutLine: {'line': b'writing agv_description.egg-info/PKG-INFO\n'}
[1.719227] (-) TimerEvent: {}
[1.719906] (agv_description) StdoutLine: {'line': b'writing dependency_links to agv_description.egg-info/dependency_links.txt\n'}
[1.723528] (agv_description) StdoutLine: {'line': b'writing requirements to agv_description.egg-info/requires.txt\n'}
[1.725372] (agv_description) StdoutLine: {'line': b'writing top-level names to agv_description.egg-info/top_level.txt\n'}
[1.728084] (agv_description) StdoutLine: {'line': b"writing manifest file 'agv_description.egg-info/SOURCES.txt'\n"}
[1.765503] (agv_description) StdoutLine: {'line': b"reading manifest file 'agv_description.egg-info/SOURCES.txt'\n"}
[1.800281] (agv_description) StdoutLine: {'line': b"writing manifest file 'agv_description.egg-info/SOURCES.txt'\n"}
[1.810019] (agv_description) StdoutLine: {'line': b'running build_ext\n'}
[1.810708] (agv_description) StdoutLine: {'line': b'Creating /mnt/d/Ethercat_N753-6AX_AGV/ros2_ws/install/agv_description/lib/python3.10/site-packages/agv-description.egg-link (link to .)\n'}
[1.819409] (-) TimerEvent: {}
[1.826703] (agv_description) StdoutLine: {'line': b'\n'}
[1.827478] (agv_description) StdoutLine: {'line': b'Installed /mnt/d/Ethercat_N753-6AX_AGV/ros2_ws/build/agv_description\n'}
[1.829493] (agv_description) StdoutLine: {'line': b'running symlink_data\n'}
[1.835012] (agv_description) StdoutLine: {'line': b'creating /mnt/d/Ethercat_N753-6AX_AGV/ros2_ws/install/agv_description/share/ament_index\n'}
[1.836811] (agv_description) StdoutLine: {'line': b'creating /mnt/d/Ethercat_N753-6AX_AGV/ros2_ws/install/agv_description/share/ament_index/resource_index\n'}
[1.838833] (agv_description) StdoutLine: {'line': b'creating /mnt/d/Ethercat_N753-6AX_AGV/ros2_ws/install/agv_description/share/ament_index/resource_index/packages\n'}
[1.850571] (agv_description) StdoutLine: {'line': b'symbolically linking /mnt/d/Ethercat_N753-6AX_AGV/ros2_ws/build/agv_description/resource/agv_description -> /mnt/d/Ethercat_N753-6AX_AGV/ros2_ws/install/agv_description/share/ament_index/resource_index/packages\n'}
[1.862748] (agv_description) StdoutLine: {'line': b'symbolically linking /mnt/d/Ethercat_N753-6AX_AGV/ros2_ws/build/agv_description/package.xml -> /mnt/d/Ethercat_N753-6AX_AGV/ros2_ws/install/agv_description/share/agv_description\n'}
[1.869180] (agv_description) StdoutLine: {'line': b'creating /mnt/d/Ethercat_N753-6AX_AGV/ros2_ws/install/agv_description/share/agv_description/urdf\n'}
[1.879897] (agv_description) StdoutLine: {'line': b'symbolically linking /mnt/d/Ethercat_N753-6AX_AGV/ros2_ws/build/agv_description/urdf/agv.urdf.xacro -> /mnt/d/Ethercat_N753-6AX_AGV/ros2_ws/install/agv_description/share/agv_description/urdf\n'}
[1.887506] (agv_description) StdoutLine: {'line': b'creating /mnt/d/Ethercat_N753-6AX_AGV/ros2_ws/install/agv_description/share/agv_description/launch\n'}
[1.897891] (agv_description) StdoutLine: {'line': b'symbolically linking /mnt/d/Ethercat_N753-6AX_AGV/ros2_ws/build/agv_description/launch/description.launch.py -> /mnt/d/Ethercat_N753-6AX_AGV/ros2_ws/install/agv_description/share/agv_description/launch\n'}
[1.915813] (agv_description) CommandEnded: {'returncode': 0}
[1.919527] (-) TimerEvent: {}
[2.020765] (-) TimerEvent: {}
[2.122025] (-) TimerEvent: {}
[2.143911] (agv_description) JobEnded: {'identifier': 'agv_description', 'rc': 0}
[2.149853] (agv_bringup) JobStarted: {'identifier': 'agv_bringup'}
[2.222553] (-) TimerEvent: {}
[2.323616] (-) TimerEvent: {}
[2.424787] (-) TimerEvent: {}
[2.525934] (-) TimerEvent: {}
[2.627052] (-) TimerEvent: {}
[2.727482] (-) TimerEvent: {}
[2.828866] (-) TimerEvent: {}
[2.929967] (-) TimerEvent: {}
[3.031260] (-) TimerEvent: {}
[3.132345] (-) TimerEvent: {}
[3.233225] (-) TimerEvent: {}
[3.334178] (-) TimerEvent: {}
[3.435164] (-) TimerEvent: {}
[3.536268] (-) TimerEvent: {}
[3.637194] (-) TimerEvent: {}
[3.737947] (-) TimerEvent: {}
[3.838970] (-) TimerEvent: {}
[3.940103] (-) TimerEvent: {}
[4.041118] (-) TimerEvent: {}
[4.142009] (-) TimerEvent: {}
[4.243037] (-) TimerEvent: {}
[4.343892] (-) TimerEvent: {}
[4.444733] (-) TimerEvent: {}
[4.545552] (-) TimerEvent: {}
[4.646435] (-) TimerEvent: {}
[4.746922] (-) TimerEvent: {}
[4.847683] (-) TimerEvent: {}
[4.948593] (-) TimerEvent: {}
[5.049392] (-) TimerEvent: {}
[5.099818] (agv_bringup) Command: {'cmd': ['/usr/bin/python3', '-W', 'ignore:setup.py install is deprecated', '-W', 'ignore:easy_install command is deprecated', 'setup.py', 'develop', '--editable', '--build-directory', '/mnt/d/Ethercat_N753-6AX_AGV/ros2_ws/build/agv_bringup/build', '--no-deps', 'symlink_data'], 'cwd': '/mnt/d/Ethercat_N753-6AX_AGV/ros2_ws/build/agv_bringup', 'env': {'USER': 'son', 'SHLVL': '0', 'HOME': '/home/son', 'OLDPWD': '/mnt/d/Ethercat_N753-6AX_AGV', 'DBUS_SESSION_BUS_ADDRESS': 'unix:path=/run/user/1000/bus', 'WSL_DISTRO_NAME': 'Ubuntu-22.04', 'WAYLAND_DISPLAY': 'wayland-0', 'LOGNAME': 'son', 'NAME': 'DESKTOP-3GMVF8B', 'WSL_INTEROP': '/run/WSL/22025_interop', 'PULSE_SERVER': 'unix:/mnt/wslg/PulseServer', '_': '/usr/bin/sh', 'TERM': 'xterm-256color', 'PATH': '/usr/local/sbin:/usr/local/bin:/usr/sbin:/usr/bin:/sbin:/bin:/usr/games:/usr/local/games:/usr/lib/wsl/lib:/mnt/c/Users/BSA/bin:/mnt/c/Program Files/Git/mingw64/bin:/mnt/c/Program Files/Git/usr/local/bin:/mnt/c/Program Files/Git/usr/bin:/mnt/c/Program Files/Git/usr/bin:/mnt/c/Program Files/Git/mingw64/bin:/mnt/c/Program Files/Git/usr/bin:/mnt/c/Users/BSA/bin:/mnt/c/TwinCAT/Common64:/mnt/c/TwinCAT/Common32:/mnt/c/Program Files/Eclipse Adoptium/jdk-11.0.27.6-hotspot/bin:/mnt/c/Users/BSA/AppData/Local/Programs/cursor/resources/app/bin:/mnt/c/Program Files (x86)/NAT Service:/mnt/c/WINDOWS/system32:/mnt/c/WINDOWS:/mnt/c/WINDOWS/System32/Wbem:/mnt/c/WINDOWS/System32/WindowsPowerShell/v1.0:/mnt/c/WINDOWS/System32/OpenSSH:/mnt/c/Program Files/Bandizip:/mnt/c/Program Files/dotnet:/mnt/c/Program Files (x86)/Mitov/Visuino:/mnt/c/Users/BSA/AppData/Local/Microsoft/WindowsApps:/mnt/c/Users/BSA/AppData/Local/Programs/cursor/resources/app/bin:/mnt/c/Users/BSA/AppData/Local/Programs/cursor/resources/app/bin:/mnt/c/Program Files/Git/cmd:/mnt/c/Program Files/nodejs:/mnt/c/Users/BSA/AppData/Roaming/npm:/mnt/c/Users/BSA/AppData/Local/Programs/Python/Python3x:/mnt/c/Users/BSA/AppData/Local/Programs/Python/Python3x/Scripts:/mnt/c/Users/BSA/AppData/Local/Programs/Python/Python3x:/mnt/c/Users/BSA/AppData/Local/Programs/Python/Python313/Scripts:/mnt/c/Program Files/cursor/resources/app/bin:/mnt/c/Program Files/CMake/bin:/mnt/c/Program Files/Microsoft SQL Server/170/Tools/Binn:/mnt/c/Program Files/Microsoft SQL Server/Client SDK/ODBC/170/Tools/Binn:/mnt/c/Program Files (x86)/Windows Kits/10/Windows Performance Toolkit:/mnt/c/Program Files/PowerShell/7:/mnt/c/Program Files/Tailscale:/mnt/c/Ruby34-x64/bin:/mnt/c/TwinCAT/Common64:/mnt/c/TwinCAT/Common32:/mnt/c/Program Files/Eclipse Adoptium/jdk-11.0.27.6-hotspot/bin:/mnt/c/Users/BSA/AppData/Local/Programs/cursor/resources/app/bin:/mnt/c/Program Files (x86)/NAT Service:/mnt/c/WINDOWS/system32:/mnt/c/WINDOWS:/mnt/c/WINDOWS/System32/Wbem:/mnt/c/WINDOWS/System32/WindowsPowerShell/v1.0:/mnt/c/WINDOWS/System32/OpenSSH:/mnt/c/Program Files/Bandizip:/mnt/c/Program Files/dotnet:/mnt/c/Program Files (x86)/Mitov/Visuino:/mnt/c/Users/BSA/AppData/Local/Microsoft/WindowsApps:/mnt/c/Users/BSA/AppData/Local/Programs/cursor/resources/app/bin:/mnt/c/Users/BSA/AppData/Local/Programs/cursor/resources/app/bin:/mnt/c/Program Files/Git/cmd:/mnt/c/Program Files/nodejs:/mnt/c/Users/BSA/AppData/Roaming/npm:/mnt/c/Users/BSA/AppData/Local/Programs/Python/Python3x:/mnt/c/Users/BSA/AppData/Local/Programs/Python/Python3x/Scripts:/mnt/c/Users/BSA/AppData/Local/Programs/Python/Python3x:/mnt/c/Users/BSA/AppData/Local/Programs/Python/Python313/Scripts:/mnt/c/Program Files/cursor/resources/app/bin:/mnt/c/Program Files/CMake/bin:/mnt/c/Program Files/Microsoft SQL Server/170/Tools/Binn:/mnt/c/Program Files/Microsoft SQL Server/Client SDK/ODBC/170/Tools/Binn:/mnt/c/Program Files (x86)/Windows Kits/10/Windows Performance Toolkit:/mnt/c/Program Files/PowerShell/7:/mnt/c/Program Files/Tailscale:/mnt/d/EtherCat_STM32/Tools/ninja:/mnt/c/Users/BSA/AppData/Local/Programs/Microsoft VS Code/bin:/mnt/c/Users/BSA/AppData/Local/Microsoft/WinGet/Links:/mnt/c/Program Files/Git/usr/bin/vendor_perl:/mnt/c/Program Files/Git/usr/bin/core_perl', 'XDG_RUNTIME_DIR': '/run/user/1000', 'DISPLAY': ':0', 'LANG': 'C.UTF-8', 'AMENT_PREFIX_PATH': '/mnt/d/Ethercat_N753-6AX_AGV/ros2_ws/install/agv_description', 'SHELL': '/bin/bash', 'PWD': '/mnt/d/Ethercat_N753-6AX_AGV/ros2_ws/build/agv_bringup', 'PYTHONPATH': '/mnt/d/Ethercat_N753-6AX_AGV/ros2_ws/build/agv_bringup/prefix_override:/usr/lib/python3/dist-packages/colcon_core/task/python/colcon_distutils_commands:/mnt/d/Ethercat_N753-6AX_AGV/ros2_ws/install/agv_bringup/lib/python3.10/site-packages:/mnt/d/Ethercat_N753-6AX_AGV/ros2_ws/build/agv_description:/mnt/d/Ethercat_N753-6AX_AGV/ros2_ws/install/agv_description/lib/python3.10/site-packages', 'COLCON': '1', 'WSL2_GUI_APPS_ENABLED': '1', 'HOSTTYPE': 'x86_64', 'WSLENV': ''}, 'shell': False}
[5.149532] (-) TimerEvent: {}
[5.250276] (-) TimerEvent: {}
[5.350988] (-) TimerEvent: {}
[5.451411] (-) TimerEvent: {}
[5.552074] (-) TimerEvent: {}
[5.652652] (-) TimerEvent: {}
[5.753349] (-) TimerEvent: {}
[5.854076] (-) TimerEvent: {}
[5.954788] (-) TimerEvent: {}
[6.055525] (-) TimerEvent: {}
[6.126474] (agv_bringup) StdoutLine: {'line': b'running develop\n'}
[6.155613] (-) TimerEvent: {}
[6.256068] (-) TimerEvent: {}
[6.351983] (agv_bringup) StdoutLine: {'line': b'running egg_info\n'}
[6.353076] (agv_bringup) StdoutLine: {'line': b'creating agv_bringup.egg-info\n'}
[6.354194] (agv_bringup) StdoutLine: {'line': b'writing agv_bringup.egg-info/PKG-INFO\n'}
[6.356211] (-) TimerEvent: {}
[6.360417] (agv_bringup) StdoutLine: {'line': b'writing dependency_links to agv_bringup.egg-info/dependency_links.txt\n'}
[6.363927] (agv_bringup) StdoutLine: {'line': b'writing entry points to agv_bringup.egg-info/entry_points.txt\n'}
[6.366779] (agv_bringup) StdoutLine: {'line': b'writing requirements to agv_bringup.egg-info/requires.txt\n'}
[6.369280] (agv_bringup) StdoutLine: {'line': b'writing top-level names to agv_bringup.egg-info/top_level.txt\n'}
[6.372980] (agv_bringup) StdoutLine: {'line': b"writing manifest file 'agv_bringup.egg-info/SOURCES.txt'\n"}
[6.456431] (-) TimerEvent: {}
[6.458126] (agv_bringup) StdoutLine: {'line': b"reading manifest file 'agv_bringup.egg-info/SOURCES.txt'\n"}
[6.525039] (agv_bringup) StdoutLine: {'line': b"writing manifest file 'agv_bringup.egg-info/SOURCES.txt'\n"}
[6.541793] (agv_bringup) StdoutLine: {'line': b'running build_ext\n'}
[6.542790] (agv_bringup) StdoutLine: {'line': b'Creating /mnt/d/Ethercat_N753-6AX_AGV/ros2_ws/install/agv_bringup/lib/python3.10/site-packages/agv-bringup.egg-link (link to .)\n'}
[6.556521] (-) TimerEvent: {}
[6.562657] (agv_bringup) StdoutLine: {'line': b'Installing stm32_bridge_node script to /mnt/d/Ethercat_N753-6AX_AGV/ros2_ws/install/agv_bringup/bin\n'}
[6.576372] (agv_bringup) StdoutLine: {'line': b'\n'}
[6.577214] (agv_bringup) StdoutLine: {'line': b'Installed /mnt/d/Ethercat_N753-6AX_AGV/ros2_ws/build/agv_bringup\n'}
[6.579936] (agv_bringup) StdoutLine: {'line': b'running symlink_data\n'}
[6.586880] (agv_bringup) StdoutLine: {'line': b'creating /mnt/d/Ethercat_N753-6AX_AGV/ros2_ws/install/agv_bringup/share/ament_index\n'}
[6.589232] (agv_bringup) StdoutLine: {'line': b'creating /mnt/d/Ethercat_N753-6AX_AGV/ros2_ws/install/agv_bringup/share/ament_index/resource_index\n'}
[6.591948] (agv_bringup) StdoutLine: {'line': b'creating /mnt/d/Ethercat_N753-6AX_AGV/ros2_ws/install/agv_bringup/share/ament_index/resource_index/packages\n'}
[6.606620] (agv_bringup) StdoutLine: {'line': b'symbolically linking /mnt/d/Ethercat_N753-6AX_AGV/ros2_ws/build/agv_bringup/resource/agv_bringup -> /mnt/d/Ethercat_N753-6AX_AGV/ros2_ws/install/agv_bringup/share/ament_index/resource_index/packages\n'}
[6.622385] (agv_bringup) StdoutLine: {'line': b'symbolically linking /mnt/d/Ethercat_N753-6AX_AGV/ros2_ws/build/agv_bringup/package.xml -> /mnt/d/Ethercat_N753-6AX_AGV/ros2_ws/install/agv_bringup/share/agv_bringup\n'}
[6.630246] (agv_bringup) StdoutLine: {'line': b'creating /mnt/d/Ethercat_N753-6AX_AGV/ros2_ws/install/agv_bringup/share/agv_bringup/launch\n'}
[6.643330] (agv_bringup) StdoutLine: {'line': b'symbolically linking /mnt/d/Ethercat_N753-6AX_AGV/ros2_ws/build/agv_bringup/launch/full_nav.launch.py -> /mnt/d/Ethercat_N753-6AX_AGV/ros2_ws/install/agv_bringup/share/agv_bringup/launch\n'}
[6.656645] (-) TimerEvent: {}
[6.659309] (agv_bringup) StdoutLine: {'line': b'symbolically linking /mnt/d/Ethercat_N753-6AX_AGV/ros2_ws/build/agv_bringup/launch/full_slam.launch.py -> /mnt/d/Ethercat_N753-6AX_AGV/ros2_ws/install/agv_bringup/share/agv_bringup/launch\n'}
[6.675838] (agv_bringup) StdoutLine: {'line': b'symbolically linking /mnt/d/Ethercat_N753-6AX_AGV/ros2_ws/build/agv_bringup/launch/hardware.launch.py -> /mnt/d/Ethercat_N753-6AX_AGV/ros2_ws/install/agv_bringup/share/agv_bringup/launch\n'}
[6.692145] (agv_bringup) StdoutLine: {'line': b'symbolically linking /mnt/d/Ethercat_N753-6AX_AGV/ros2_ws/build/agv_bringup/launch/localization.launch.py -> /mnt/d/Ethercat_N753-6AX_AGV/ros2_ws/install/agv_bringup/share/agv_bringup/launch\n'}
[6.708522] (agv_bringup) StdoutLine: {'line': b'symbolically linking /mnt/d/Ethercat_N753-6AX_AGV/ros2_ws/build/agv_bringup/launch/nav2.launch.py -> /mnt/d/Ethercat_N753-6AX_AGV/ros2_ws/install/agv_bringup/share/agv_bringup/launch\n'}
[6.724373] (agv_bringup) StdoutLine: {'line': b'symbolically linking /mnt/d/Ethercat_N753-6AX_AGV/ros2_ws/build/agv_bringup/launch/slam.launch.py -> /mnt/d/Ethercat_N753-6AX_AGV/ros2_ws/install/agv_bringup/share/agv_bringup/launch\n'}
[6.733877] (agv_bringup) StdoutLine: {'line': b'creating /mnt/d/Ethercat_N753-6AX_AGV/ros2_ws/install/agv_bringup/share/agv_bringup/config\n'}
[6.747479] (agv_bringup) StdoutLine: {'line': b'symbolically linking /mnt/d/Ethercat_N753-6AX_AGV/ros2_ws/build/agv_bringup/config/nav2_params.yaml -> /mnt/d/Ethercat_N753-6AX_AGV/ros2_ws/install/agv_bringup/share/agv_bringup/config\n'}
[6.756749] (-) TimerEvent: {}
[6.763416] (agv_bringup) StdoutLine: {'line': b'symbolically linking /mnt/d/Ethercat_N753-6AX_AGV/ros2_ws/build/agv_bringup/config/rtabmap_params.yaml -> /mnt/d/Ethercat_N753-6AX_AGV/ros2_ws/install/agv_bringup/share/agv_bringup/config\n'}
[6.785639] (agv_bringup) CommandEnded: {'returncode': 0}
[6.856904] (-) TimerEvent: {}
[6.957440] (-) TimerEvent: {}
[7.057940] (-) TimerEvent: {}
[7.158275] (-) TimerEvent: {}
[7.183728] (agv_bringup) JobEnded: {'identifier': 'agv_bringup', 'rc': 0}
[7.190973] (-) EventReactorShutdown: {}
