[0.308s] DEBUG:colcon:Command line arguments: ['/usr/bin/colcon', 'build', '--symlink-install', '--cmake-args', '-DCMAKE_BUILD_TYPE=Release']
[0.309s] DEBUG:colcon:Parsed command line arguments: Namespace(log_base=None, log_level=None, verb_name='build', build_base='build', install_base='install', merge_install=False, symlink_install=True, test_result_base=None, continue_on_error=False, executor='parallel', parallel_workers=16, event_handlers=None, ignore_user_meta=False, metas=['./colcon.meta'], base_paths=['.'], packages_ignore=None, packages_ignore_regex=None, paths=None, packages_up_to=None, packages_up_to_regex=None, packages_above=None, packages_above_and_dependencies=None, packages_above_depth=None, packages_select_by_dep=None, packages_skip_by_dep=None, packages_skip_up_to=None, packages_select_build_failed=False, packages_skip_build_finished=False, packages_select_test_failures=False, packages_skip_test_passed=False, packages_select=None, packages_skip=None, packages_select_regex=None, packages_skip_regex=None, packages_start=None, packages_end=None, allow_overriding=[], cmake_args=['-DCMAKE_BUILD_TYPE=Release'], cmake_target=None, cmake_target_skip_unavailable=False, cmake_clean_cache=False, cmake_clean_first=False, cmake_force_configure=False, ament_cmake_args=None, catkin_cmake_args=None, catkin_skip_building_tests=False, verb_parser=<colcon_defaults.argument_parser.defaults.DefaultArgumentsDecorator object at 0x7c0a106063b0>, verb_extension=<colcon_core.verb.build.BuildVerb object at 0x7c0a107bc0a0>, main=<bound method BuildVerb.main of <colcon_core.verb.build.BuildVerb object at 0x7c0a107bc0a0>>)
[0.403s] Level 1:colcon.colcon_core.package_discovery:discover_packages(colcon_meta) check parameters
[0.403s] Level 1:colcon.colcon_core.package_discovery:discover_packages(recursive) check parameters
[0.404s] Level 1:colcon.colcon_core.package_discovery:discover_packages(ignore) check parameters
[0.404s] Level 1:colcon.colcon_core.package_discovery:discover_packages(path) check parameters
[0.404s] Level 1:colcon.colcon_core.package_discovery:discover_packages(colcon_meta) discover
[0.404s] Level 1:colcon.colcon_core.package_discovery:discover_packages(recursive) discover
[0.405s] INFO:colcon.colcon_core.package_discovery:Crawling recursively for packages in '/mnt/d/Ethercat_N753-6AX_AGV/ros2_ws'
[0.406s] Level 1:colcon.colcon_core.package_identification:_identify(.) by extensions ['ignore', 'ignore_ament_install']
[0.406s] Level 1:colcon.colcon_core.package_identification:_identify(.) by extension 'ignore'
[0.407s] Level 1:colcon.colcon_core.package_identification:_identify(.) by extension 'ignore_ament_install'
[0.407s] Level 1:colcon.colcon_core.package_identification:_identify(.) by extensions ['colcon_pkg']
[0.407s] Level 1:colcon.colcon_core.package_identification:_identify(.) by extension 'colcon_pkg'
[0.408s] Level 1:colcon.colcon_core.package_identification:_identify(.) by extensions ['colcon_meta']
[0.408s] Level 1:colcon.colcon_core.package_identification:_identify(.) by extension 'colcon_meta'
[0.408s] Level 1:colcon.colcon_core.package_identification:_identify(.) by extensions ['ros']
[0.408s] Level 1:colcon.colcon_core.package_identification:_identify(.) by extension 'ros'
[0.415s] Level 1:colcon.colcon_core.package_identification:_identify(.) by extensions ['cmake', 'python']
[0.415s] Level 1:colcon.colcon_core.package_identification:_identify(.) by extension 'cmake'
[0.415s] Level 1:colcon.colcon_core.package_identification:_identify(.) by extension 'python'
[0.416s] Level 1:colcon.colcon_core.package_identification:_identify(.) by extensions ['python_setup_py']
[0.416s] Level 1:colcon.colcon_core.package_identification:_identify(.) by extension 'python_setup_py'
[0.418s] Level 1:colcon.colcon_core.package_identification:_identify(build) by extensions ['ignore', 'ignore_ament_install']
[0.419s] Level 1:colcon.colcon_core.package_identification:_identify(build) by extension 'ignore'
[0.420s] Level 1:colcon.colcon_core.package_identification:_identify(build) ignored
[0.422s] Level 1:colcon.colcon_core.package_identification:_identify(install) by extensions ['ignore', 'ignore_ament_install']
[0.422s] Level 1:colcon.colcon_core.package_identification:_identify(install) by extension 'ignore'
[0.424s] Level 1:colcon.colcon_core.package_identification:_identify(install) ignored
[0.427s] Level 1:colcon.colcon_core.package_identification:_identify(log) by extensions ['ignore', 'ignore_ament_install']
[0.427s] Level 1:colcon.colcon_core.package_identification:_identify(log) by extension 'ignore'
[0.428s] Level 1:colcon.colcon_core.package_identification:_identify(log) ignored
[0.430s] Level 1:colcon.colcon_core.package_identification:_identify(src) by extensions ['ignore', 'ignore_ament_install']
[0.431s] Level 1:colcon.colcon_core.package_identification:_identify(src) by extension 'ignore'
[0.431s] Level 1:colcon.colcon_core.package_identification:_identify(src) by extension 'ignore_ament_install'
[0.433s] Level 1:colcon.colcon_core.package_identification:_identify(src) by extensions ['colcon_pkg']
[0.433s] Level 1:colcon.colcon_core.package_identification:_identify(src) by extension 'colcon_pkg'
[0.434s] Level 1:colcon.colcon_core.package_identification:_identify(src) by extensions ['colcon_meta']
[0.434s] Level 1:colcon.colcon_core.package_identification:_identify(src) by extension 'colcon_meta'
[0.435s] Level 1:colcon.colcon_core.package_identification:_identify(src) by extensions ['ros']
[0.435s] Level 1:colcon.colcon_core.package_identification:_identify(src) by extension 'ros'
[0.438s] Level 1:colcon.colcon_core.package_identification:_identify(src) by extensions ['cmake', 'python']
[0.438s] Level 1:colcon.colcon_core.package_identification:_identify(src) by extension 'cmake'
[0.439s] Level 1:colcon.colcon_core.package_identification:_identify(src) by extension 'python'
[0.440s] Level 1:colcon.colcon_core.package_identification:_identify(src) by extensions ['python_setup_py']
[0.440s] Level 1:colcon.colcon_core.package_identification:_identify(src) by extension 'python_setup_py'
[0.444s] Level 1:colcon.colcon_core.package_identification:_identify(src/agv_bringup) by extensions ['ignore', 'ignore_ament_install']
[0.445s] Level 1:colcon.colcon_core.package_identification:_identify(src/agv_bringup) by extension 'ignore'
[0.446s] Level 1:colcon.colcon_core.package_identification:_identify(src/agv_bringup) by extension 'ignore_ament_install'
[0.448s] Level 1:colcon.colcon_core.package_identification:_identify(src/agv_bringup) by extensions ['colcon_pkg']
[0.448s] Level 1:colcon.colcon_core.package_identification:_identify(src/agv_bringup) by extension 'colcon_pkg'
[0.449s] Level 1:colcon.colcon_core.package_identification:_identify(src/agv_bringup) by extensions ['colcon_meta']
[0.449s] Level 1:colcon.colcon_core.package_identification:_identify(src/agv_bringup) by extension 'colcon_meta'
[0.451s] Level 1:colcon.colcon_core.package_identification:_identify(src/agv_bringup) by extensions ['ros']
[0.451s] Level 1:colcon.colcon_core.package_identification:_identify(src/agv_bringup) by extension 'ros'
[0.465s] DEBUG:colcon.colcon_core.package_identification:Package 'src/agv_bringup' with type 'ros.ament_python' and name 'agv_bringup'
[0.469s] Level 1:colcon.colcon_core.package_identification:_identify(src/agv_description) by extensions ['ignore', 'ignore_ament_install']
[0.469s] Level 1:colcon.colcon_core.package_identification:_identify(src/agv_description) by extension 'ignore'
[0.470s] Level 1:colcon.colcon_core.package_identification:_identify(src/agv_description) by extension 'ignore_ament_install'
[0.472s] Level 1:colcon.colcon_core.package_identification:_identify(src/agv_description) by extensions ['colcon_pkg']
[0.473s] Level 1:colcon.colcon_core.package_identification:_identify(src/agv_description) by extension 'colcon_pkg'
[0.474s] Level 1:colcon.colcon_core.package_identification:_identify(src/agv_description) by extensions ['colcon_meta']
[0.474s] Level 1:colcon.colcon_core.package_identification:_identify(src/agv_description) by extension 'colcon_meta'
[0.476s] Level 1:colcon.colcon_core.package_identification:_identify(src/agv_description) by extensions ['ros']
[0.476s] Level 1:colcon.colcon_core.package_identification:_identify(src/agv_description) by extension 'ros'
[0.488s] DEBUG:colcon.colcon_core.package_identification:Package 'src/agv_description' with type 'ros.ament_python' and name 'agv_description'
[0.488s] Level 1:colcon.colcon_core.package_discovery:discover_packages(recursive) using defaults
[0.488s] Level 1:colcon.colcon_core.package_discovery:discover_packages(ignore) discover
[0.488s] Level 1:colcon.colcon_core.package_discovery:discover_packages(ignore) using defaults
[0.488s] Level 1:colcon.colcon_core.package_discovery:discover_packages(path) discover
[0.489s] Level 1:colcon.colcon_core.package_discovery:discover_packages(path) using defaults
[0.519s] Level 1:colcon.colcon_core.package_discovery:discover_packages(prefix_path) check parameters
[0.519s] Level 1:colcon.colcon_core.package_discovery:discover_packages(prefix_path) discover
[0.521s] Level 1:colcon.colcon_core.package_discovery:discover_packages(prefix_path) using defaults
[0.522s] Level 5:colcon.colcon_core.verb:set package 'agv_description' build argument 'cmake_args' from command line to '['-DCMAKE_BUILD_TYPE=Release']'
[0.522s] Level 5:colcon.colcon_core.verb:set package 'agv_description' build argument 'cmake_target' from command line to 'None'
[0.522s] Level 5:colcon.colcon_core.verb:set package 'agv_description' build argument 'cmake_target_skip_unavailable' from command line to 'False'
[0.523s] Level 5:colcon.colcon_core.verb:set package 'agv_description' build argument 'cmake_clean_cache' from command line to 'False'
[0.523s] Level 5:colcon.colcon_core.verb:set package 'agv_description' build argument 'cmake_clean_first' from command line to 'False'
[0.523s] Level 5:colcon.colcon_core.verb:set package 'agv_description' build argument 'cmake_force_configure' from command line to 'False'
[0.523s] Level 5:colcon.colcon_core.verb:set package 'agv_description' build argument 'ament_cmake_args' from command line to 'None'
[0.523s] Level 5:colcon.colcon_core.verb:set package 'agv_description' build argument 'catkin_cmake_args' from command line to 'None'
[0.523s] Level 5:colcon.colcon_core.verb:set package 'agv_description' build argument 'catkin_skip_building_tests' from command line to 'False'
[0.524s] DEBUG:colcon.colcon_core.verb:Building package 'agv_description' with the following arguments: {'ament_cmake_args': None, 'build_base': '/mnt/d/Ethercat_N753-6AX_AGV/ros2_ws/build/agv_description', 'catkin_cmake_args': None, 'catkin_skip_building_tests': False, 'cmake_args': ['-DCMAKE_BUILD_TYPE=Release'], 'cmake_clean_cache': False, 'cmake_clean_first': False, 'cmake_force_configure': False, 'cmake_target': None, 'cmake_target_skip_unavailable': False, 'install_base': '/mnt/d/Ethercat_N753-6AX_AGV/ros2_ws/install/agv_description', 'merge_install': False, 'path': '/mnt/d/Ethercat_N753-6AX_AGV/ros2_ws/src/agv_description', 'symlink_install': True, 'test_result_base': None}
[0.524s] Level 5:colcon.colcon_core.verb:set package 'agv_bringup' build argument 'cmake_args' from command line to '['-DCMAKE_BUILD_TYPE=Release']'
[0.525s] Level 5:colcon.colcon_core.verb:set package 'agv_bringup' build argument 'cmake_target' from command line to 'None'
[0.525s] Level 5:colcon.colcon_core.verb:set package 'agv_bringup' build argument 'cmake_target_skip_unavailable' from command line to 'False'
[0.525s] Level 5:colcon.colcon_core.verb:set package 'agv_bringup' build argument 'cmake_clean_cache' from command line to 'False'
[0.525s] Level 5:colcon.colcon_core.verb:set package 'agv_bringup' build argument 'cmake_clean_first' from command line to 'False'
[0.525s] Level 5:colcon.colcon_core.verb:set package 'agv_bringup' build argument 'cmake_force_configure' from command line to 'False'
[0.526s] Level 5:colcon.colcon_core.verb:set package 'agv_bringup' build argument 'ament_cmake_args' from command line to 'None'
[0.526s] Level 5:colcon.colcon_core.verb:set package 'agv_bringup' build argument 'catkin_cmake_args' from command line to 'None'
[0.526s] Level 5:colcon.colcon_core.verb:set package 'agv_bringup' build argument 'catkin_skip_building_tests' from command line to 'False'
[0.526s] DEBUG:colcon.colcon_core.verb:Building package 'agv_bringup' with the following arguments: {'ament_cmake_args': None, 'build_base': '/mnt/d/Ethercat_N753-6AX_AGV/ros2_ws/build/agv_bringup', 'catkin_cmake_args': None, 'catkin_skip_building_tests': False, 'cmake_args': ['-DCMAKE_BUILD_TYPE=Release'], 'cmake_clean_cache': False, 'cmake_clean_first': False, 'cmake_force_configure': False, 'cmake_target': None, 'cmake_target_skip_unavailable': False, 'install_base': '/mnt/d/Ethercat_N753-6AX_AGV/ros2_ws/install/agv_bringup', 'merge_install': False, 'path': '/mnt/d/Ethercat_N753-6AX_AGV/ros2_ws/src/agv_bringup', 'symlink_install': True, 'test_result_base': None}
[0.527s] INFO:colcon.colcon_core.executor:Executing jobs using 'parallel' executor
[0.527s] DEBUG:colcon.colcon_parallel_executor.executor.parallel:run_until_complete
[0.528s] INFO:colcon.colcon_ros.task.ament_python.build:Building ROS package in '/mnt/d/Ethercat_N753-6AX_AGV/ros2_ws/src/agv_description' with build type 'ament_python'
[0.528s] Level 1:colcon.colcon_core.shell:create_environment_hook('agv_description', 'ament_prefix_path')
[0.532s] INFO:colcon.colcon_core.plugin_system:Skipping extension 'colcon_core.shell.bat': Not used on non-Windows systems
[0.532s] INFO:colcon.colcon_core.shell:Creating environment hook '/mnt/d/Ethercat_N753-6AX_AGV/ros2_ws/install/agv_description/share/agv_description/hook/ament_prefix_path.ps1'
[0.548s] INFO:colcon.colcon_core.shell:Creating environment descriptor '/mnt/d/Ethercat_N753-6AX_AGV/ros2_ws/install/agv_description/share/agv_description/hook/ament_prefix_path.dsv'
[0.560s] INFO:colcon.colcon_core.shell:Creating environment hook '/mnt/d/Ethercat_N753-6AX_AGV/ros2_ws/install/agv_description/share/agv_description/hook/ament_prefix_path.sh'
[0.572s] INFO:colcon.colcon_core.shell:Skip shell extension 'powershell' for command environment: Not usable outside of PowerShell
[0.573s] DEBUG:colcon.colcon_core.shell:Skip shell extension 'dsv' for command environment
[0.701s] INFO:colcon.colcon_core.task.python.build:Building Python package in '/mnt/d/Ethercat_N753-6AX_AGV/ros2_ws/src/agv_description'
[0.701s] INFO:colcon.colcon_core.shell:Skip shell extension 'powershell' for command environment: Not usable outside of PowerShell
[0.701s] DEBUG:colcon.colcon_core.shell:Skip shell extension 'dsv' for command environment
[1.607s] DEBUG:colcon.colcon_core.event_handler.log_command:Invoking command in '/mnt/d/Ethercat_N753-6AX_AGV/ros2_ws/build/agv_description': PYTHONPATH=/mnt/d/Ethercat_N753-6AX_AGV/ros2_ws/build/agv_description/prefix_override:/usr/lib/python3/dist-packages/colcon_core/task/python/colcon_distutils_commands:/mnt/d/Ethercat_N753-6AX_AGV/ros2_ws/install/agv_description/lib/python3.10/site-packages: /usr/bin/python3 -W ignore:setup.py install is deprecated -W ignore:easy_install command is deprecated setup.py develop --editable --build-directory /mnt/d/Ethercat_N753-6AX_AGV/ros2_ws/build/agv_description/build --no-deps symlink_data
[2.444s] Level 1:colcon.colcon_core.shell:create_environment_hook('agv_description', 'pythonpath_develop')
[2.445s] INFO:colcon.colcon_core.shell:Creating environment hook '/mnt/d/Ethercat_N753-6AX_AGV/ros2_ws/build/agv_description/share/agv_description/hook/pythonpath_develop.ps1'
[2.446s] DEBUG:colcon.colcon_core.event_handler.log_command:Invoked command in '/mnt/d/Ethercat_N753-6AX_AGV/ros2_ws/build/agv_description' returned '0': PYTHONPATH=/mnt/d/Ethercat_N753-6AX_AGV/ros2_ws/build/agv_description/prefix_override:/usr/lib/python3/dist-packages/colcon_core/task/python/colcon_distutils_commands:/mnt/d/Ethercat_N753-6AX_AGV/ros2_ws/install/agv_description/lib/python3.10/site-packages: /usr/bin/python3 -W ignore:setup.py install is deprecated -W ignore:easy_install command is deprecated setup.py develop --editable --build-directory /mnt/d/Ethercat_N753-6AX_AGV/ros2_ws/build/agv_description/build --no-deps symlink_data
[2.458s] INFO:colcon.colcon_core.shell:Creating environment descriptor '/mnt/d/Ethercat_N753-6AX_AGV/ros2_ws/build/agv_description/share/agv_description/hook/pythonpath_develop.dsv'
[2.468s] INFO:colcon.colcon_core.shell:Creating environment hook '/mnt/d/Ethercat_N753-6AX_AGV/ros2_ws/build/agv_description/share/agv_description/hook/pythonpath_develop.sh'
[2.483s] Level 1:colcon.colcon_core.environment:checking '/mnt/d/Ethercat_N753-6AX_AGV/ros2_ws/install/agv_description' for CMake module files
[2.515s] Level 1:colcon.colcon_core.environment:checking '/mnt/d/Ethercat_N753-6AX_AGV/ros2_ws/install/agv_description' for CMake config files
[2.578s] Level 1:colcon.colcon_core.environment:checking '/mnt/d/Ethercat_N753-6AX_AGV/ros2_ws/install/agv_description/lib'
[2.581s] Level 1:colcon.colcon_core.environment:checking '/mnt/d/Ethercat_N753-6AX_AGV/ros2_ws/install/agv_description/bin'
[2.582s] Level 1:colcon.colcon_core.environment:checking '/mnt/d/Ethercat_N753-6AX_AGV/ros2_ws/install/agv_description/lib/pkgconfig/agv_description.pc'
[2.584s] Level 1:colcon.colcon_core.environment:checking '/mnt/d/Ethercat_N753-6AX_AGV/ros2_ws/install/agv_description/lib/python3.10/site-packages'
[2.586s] Level 1:colcon.colcon_core.shell:create_environment_hook('agv_description', 'pythonpath')
[2.586s] INFO:colcon.colcon_core.shell:Creating environment hook '/mnt/d/Ethercat_N753-6AX_AGV/ros2_ws/install/agv_description/share/agv_description/hook/pythonpath.ps1'
[2.596s] INFO:colcon.colcon_core.shell:Creating environment descriptor '/mnt/d/Ethercat_N753-6AX_AGV/ros2_ws/install/agv_description/share/agv_description/hook/pythonpath.dsv'
[2.606s] INFO:colcon.colcon_core.shell:Creating environment hook '/mnt/d/Ethercat_N753-6AX_AGV/ros2_ws/install/agv_description/share/agv_description/hook/pythonpath.sh'
[2.616s] Level 1:colcon.colcon_core.environment:checking '/mnt/d/Ethercat_N753-6AX_AGV/ros2_ws/install/agv_description/bin'
[2.617s] Level 1:colcon.colcon_core.environment:create_environment_scripts_only(agv_description)
[2.618s] INFO:colcon.colcon_core.shell:Creating package script '/mnt/d/Ethercat_N753-6AX_AGV/ros2_ws/install/agv_description/share/agv_description/package.ps1'
[2.627s] INFO:colcon.colcon_core.shell:Creating package descriptor '/mnt/d/Ethercat_N753-6AX_AGV/ros2_ws/install/agv_description/share/agv_description/package.dsv'
[2.636s] INFO:colcon.colcon_core.shell:Creating package script '/mnt/d/Ethercat_N753-6AX_AGV/ros2_ws/install/agv_description/share/agv_description/package.sh'
[2.646s] INFO:colcon.colcon_core.shell:Creating package script '/mnt/d/Ethercat_N753-6AX_AGV/ros2_ws/install/agv_description/share/agv_description/package.bash'
[2.655s] INFO:colcon.colcon_core.shell:Creating package script '/mnt/d/Ethercat_N753-6AX_AGV/ros2_ws/install/agv_description/share/agv_description/package.zsh'
[2.664s] Level 1:colcon.colcon_core.environment:create_file_with_runtime_dependencies(/mnt/d/Ethercat_N753-6AX_AGV/ros2_ws/install/agv_description/share/colcon-core/packages/agv_description)
[2.672s] INFO:colcon.colcon_ros.task.ament_python.build:Building ROS package in '/mnt/d/Ethercat_N753-6AX_AGV/ros2_ws/src/agv_bringup' with build type 'ament_python'
[2.673s] Level 1:colcon.colcon_core.shell:create_environment_hook('agv_bringup', 'ament_prefix_path')
[2.673s] INFO:colcon.colcon_core.shell:Creating environment hook '/mnt/d/Ethercat_N753-6AX_AGV/ros2_ws/install/agv_bringup/share/agv_bringup/hook/ament_prefix_path.ps1'
[2.686s] INFO:colcon.colcon_core.shell:Creating environment descriptor '/mnt/d/Ethercat_N753-6AX_AGV/ros2_ws/install/agv_bringup/share/agv_bringup/hook/ament_prefix_path.dsv'
[2.696s] INFO:colcon.colcon_core.shell:Creating environment hook '/mnt/d/Ethercat_N753-6AX_AGV/ros2_ws/install/agv_bringup/share/agv_bringup/hook/ament_prefix_path.sh'
[2.706s] INFO:colcon.colcon_core.shell:Skip shell extension 'powershell' for command environment: Not usable outside of PowerShell
[2.706s] DEBUG:colcon.colcon_core.shell:Skip shell extension 'dsv' for command environment
[3.671s] INFO:colcon.colcon_core.task.python.build:Building Python package in '/mnt/d/Ethercat_N753-6AX_AGV/ros2_ws/src/agv_bringup'
[3.671s] INFO:colcon.colcon_core.shell:Skip shell extension 'powershell' for command environment: Not usable outside of PowerShell
[3.672s] DEBUG:colcon.colcon_core.shell:Skip shell extension 'dsv' for command environment
[5.637s] DEBUG:colcon.colcon_core.event_handler.log_command:Invoking command in '/mnt/d/Ethercat_N753-6AX_AGV/ros2_ws/build/agv_bringup': AMENT_PREFIX_PATH=/mnt/d/Ethercat_N753-6AX_AGV/ros2_ws/install/agv_description PYTHONPATH=/mnt/d/Ethercat_N753-6AX_AGV/ros2_ws/build/agv_bringup/prefix_override:/usr/lib/python3/dist-packages/colcon_core/task/python/colcon_distutils_commands:/mnt/d/Ethercat_N753-6AX_AGV/ros2_ws/install/agv_bringup/lib/python3.10/site-packages:/mnt/d/Ethercat_N753-6AX_AGV/ros2_ws/build/agv_description:/mnt/d/Ethercat_N753-6AX_AGV/ros2_ws/install/agv_description/lib/python3.10/site-packages /usr/bin/python3 -W ignore:setup.py install is deprecated -W ignore:easy_install command is deprecated setup.py develop --editable --build-directory /mnt/d/Ethercat_N753-6AX_AGV/ros2_ws/build/agv_bringup/build --no-deps symlink_data
[7.314s] Level 1:colcon.colcon_core.shell:create_environment_hook('agv_bringup', 'pythonpath_develop')
[7.314s] INFO:colcon.colcon_core.shell:Creating environment hook '/mnt/d/Ethercat_N753-6AX_AGV/ros2_ws/build/agv_bringup/share/agv_bringup/hook/pythonpath_develop.ps1'
[7.315s] DEBUG:colcon.colcon_core.event_handler.log_command:Invoked command in '/mnt/d/Ethercat_N753-6AX_AGV/ros2_ws/build/agv_bringup' returned '0': AMENT_PREFIX_PATH=/mnt/d/Ethercat_N753-6AX_AGV/ros2_ws/install/agv_description PYTHONPATH=/mnt/d/Ethercat_N753-6AX_AGV/ros2_ws/build/agv_bringup/prefix_override:/usr/lib/python3/dist-packages/colcon_core/task/python/colcon_distutils_commands:/mnt/d/Ethercat_N753-6AX_AGV/ros2_ws/install/agv_bringup/lib/python3.10/site-packages:/mnt/d/Ethercat_N753-6AX_AGV/ros2_ws/build/agv_description:/mnt/d/Ethercat_N753-6AX_AGV/ros2_ws/install/agv_description/lib/python3.10/site-packages /usr/bin/python3 -W ignore:setup.py install is deprecated -W ignore:easy_install command is deprecated setup.py develop --editable --build-directory /mnt/d/Ethercat_N753-6AX_AGV/ros2_ws/build/agv_bringup/build --no-deps symlink_data
[7.331s] INFO:colcon.colcon_core.shell:Creating environment descriptor '/mnt/d/Ethercat_N753-6AX_AGV/ros2_ws/build/agv_bringup/share/agv_bringup/hook/pythonpath_develop.dsv'
[7.344s] INFO:colcon.colcon_core.shell:Creating environment hook '/mnt/d/Ethercat_N753-6AX_AGV/ros2_ws/build/agv_bringup/share/agv_bringup/hook/pythonpath_develop.sh'
[7.358s] Level 1:colcon.colcon_core.environment:checking '/mnt/d/Ethercat_N753-6AX_AGV/ros2_ws/install/agv_bringup' for CMake module files
[7.398s] Level 1:colcon.colcon_core.environment:checking '/mnt/d/Ethercat_N753-6AX_AGV/ros2_ws/install/agv_bringup' for CMake config files
[7.509s] Level 1:colcon.colcon_core.environment:checking '/mnt/d/Ethercat_N753-6AX_AGV/ros2_ws/install/agv_bringup/lib'
[7.513s] Level 1:colcon.colcon_core.environment:checking '/mnt/d/Ethercat_N753-6AX_AGV/ros2_ws/install/agv_bringup/bin'
[7.519s] Level 1:colcon.colcon_core.shell:create_environment_hook('agv_bringup', 'path')
[7.520s] INFO:colcon.colcon_core.shell:Creating environment hook '/mnt/d/Ethercat_N753-6AX_AGV/ros2_ws/install/agv_bringup/share/agv_bringup/hook/path.ps1'
[7.533s] INFO:colcon.colcon_core.shell:Creating environment descriptor '/mnt/d/Ethercat_N753-6AX_AGV/ros2_ws/install/agv_bringup/share/agv_bringup/hook/path.dsv'
[7.546s] INFO:colcon.colcon_core.shell:Creating environment hook '/mnt/d/Ethercat_N753-6AX_AGV/ros2_ws/install/agv_bringup/share/agv_bringup/hook/path.sh'
[7.559s] Level 1:colcon.colcon_core.environment:checking '/mnt/d/Ethercat_N753-6AX_AGV/ros2_ws/install/agv_bringup/lib/pkgconfig/agv_bringup.pc'
[7.561s] Level 1:colcon.colcon_core.environment:checking '/mnt/d/Ethercat_N753-6AX_AGV/ros2_ws/install/agv_bringup/lib/python3.10/site-packages'
[7.564s] Level 1:colcon.colcon_core.shell:create_environment_hook('agv_bringup', 'pythonpath')
[7.564s] INFO:colcon.colcon_core.shell:Creating environment hook '/mnt/d/Ethercat_N753-6AX_AGV/ros2_ws/install/agv_bringup/share/agv_bringup/hook/pythonpath.ps1'
[7.576s] INFO:colcon.colcon_core.shell:Creating environment descriptor '/mnt/d/Ethercat_N753-6AX_AGV/ros2_ws/install/agv_bringup/share/agv_bringup/hook/pythonpath.dsv'
[7.589s] INFO:colcon.colcon_core.shell:Creating environment hook '/mnt/d/Ethercat_N753-6AX_AGV/ros2_ws/install/agv_bringup/share/agv_bringup/hook/pythonpath.sh'
[7.602s] Level 1:colcon.colcon_core.environment:checking '/mnt/d/Ethercat_N753-6AX_AGV/ros2_ws/install/agv_bringup/bin'
[7.608s] Level 1:colcon.colcon_core.shell:create_environment_hook('agv_bringup', 'pythonscriptspath')
[7.608s] INFO:colcon.colcon_core.shell:Creating environment hook '/mnt/d/Ethercat_N753-6AX_AGV/ros2_ws/install/agv_bringup/share/agv_bringup/hook/pythonscriptspath.ps1'
[7.621s] INFO:colcon.colcon_core.shell:Creating environment descriptor '/mnt/d/Ethercat_N753-6AX_AGV/ros2_ws/install/agv_bringup/share/agv_bringup/hook/pythonscriptspath.dsv'
[7.634s] INFO:colcon.colcon_core.shell:Creating environment hook '/mnt/d/Ethercat_N753-6AX_AGV/ros2_ws/install/agv_bringup/share/agv_bringup/hook/pythonscriptspath.sh'
[7.647s] Level 1:colcon.colcon_core.environment:create_environment_scripts_only(agv_bringup)
[7.647s] INFO:colcon.colcon_core.shell:Creating package script '/mnt/d/Ethercat_N753-6AX_AGV/ros2_ws/install/agv_bringup/share/agv_bringup/package.ps1'
[7.658s] INFO:colcon.colcon_core.shell:Creating package descriptor '/mnt/d/Ethercat_N753-6AX_AGV/ros2_ws/install/agv_bringup/share/agv_bringup/package.dsv'
[7.669s] INFO:colcon.colcon_core.shell:Creating package script '/mnt/d/Ethercat_N753-6AX_AGV/ros2_ws/install/agv_bringup/share/agv_bringup/package.sh'
[7.680s] INFO:colcon.colcon_core.shell:Creating package script '/mnt/d/Ethercat_N753-6AX_AGV/ros2_ws/install/agv_bringup/share/agv_bringup/package.bash'
[7.690s] INFO:colcon.colcon_core.shell:Creating package script '/mnt/d/Ethercat_N753-6AX_AGV/ros2_ws/install/agv_bringup/share/agv_bringup/package.zsh'
[7.702s] Level 1:colcon.colcon_core.environment:create_file_with_runtime_dependencies(/mnt/d/Ethercat_N753-6AX_AGV/ros2_ws/install/agv_bringup/share/colcon-core/packages/agv_bringup)
[7.712s] DEBUG:colcon.colcon_parallel_executor.executor.parallel:closing loop
[7.712s] DEBUG:colcon.colcon_parallel_executor.executor.parallel:loop closed
[7.713s] DEBUG:colcon.colcon_parallel_executor.executor.parallel:run_until_complete finished with '0'
[7.713s] DEBUG:colcon.colcon_core.event_reactor:joining thread
[7.798s] INFO:colcon.colcon_core.plugin_system:Skipping extension 'colcon_notification.desktop_notification.notify_send': Could not find 'notify-send'
[7.799s] INFO:colcon.colcon_core.plugin_system:Skipping extension 'colcon_notification.desktop_notification.terminal_notifier': Not used on non-Darwin systems
[7.799s] INFO:colcon.colcon_core.plugin_system:Skipping extension 'colcon_notification.desktop_notification.win32': Not used on non-Windows systems
[7.799s] INFO:colcon.colcon_notification.desktop_notification:Sending desktop notification using 'notify2'
[7.800s] DEBUG:colcon.colcon_notification.desktop_notification.notify2:Failed to initialize notify2: org.freedesktop.DBus.Error.FileNotFound: Failed to connect to socket /run/user/1000/bus: No such file or directory
[7.800s] DEBUG:colcon.colcon_core.event_reactor:joined thread
[7.800s] INFO:colcon.colcon_core.shell:Creating prefix script '/mnt/d/Ethercat_N753-6AX_AGV/ros2_ws/install/local_setup.ps1'
[7.806s] INFO:colcon.colcon_core.shell:Creating prefix util module '/mnt/d/Ethercat_N753-6AX_AGV/ros2_ws/install/_local_setup_util_ps1.py'
[7.811s] INFO:colcon.colcon_core.shell:Creating prefix chain script '/mnt/d/Ethercat_N753-6AX_AGV/ros2_ws/install/setup.ps1'
[7.816s] INFO:colcon.colcon_core.shell:Creating prefix script '/mnt/d/Ethercat_N753-6AX_AGV/ros2_ws/install/local_setup.sh'
[7.821s] INFO:colcon.colcon_core.shell:Creating prefix util module '/mnt/d/Ethercat_N753-6AX_AGV/ros2_ws/install/_local_setup_util_sh.py'
[7.826s] INFO:colcon.colcon_core.shell:Creating prefix chain script '/mnt/d/Ethercat_N753-6AX_AGV/ros2_ws/install/setup.sh'
[7.830s] INFO:colcon.colcon_core.shell:Creating prefix script '/mnt/d/Ethercat_N753-6AX_AGV/ros2_ws/install/local_setup.bash'
[7.835s] INFO:colcon.colcon_core.shell:Creating prefix chain script '/mnt/d/Ethercat_N753-6AX_AGV/ros2_ws/install/setup.bash'
[7.841s] INFO:colcon.colcon_core.shell:Creating prefix script '/mnt/d/Ethercat_N753-6AX_AGV/ros2_ws/install/local_setup.zsh'
[7.845s] INFO:colcon.colcon_core.shell:Creating prefix chain script '/mnt/d/Ethercat_N753-6AX_AGV/ros2_ws/install/setup.zsh'
