[0.675s] DEBUG:colcon:Command line arguments: ['/usr/bin/colcon', 'build', '--symlink-install']
[0.676s] DEBUG:colcon:Parsed command line arguments: Namespace(log_base=None, log_level=None, verb_name='build', build_base='build', install_base='install', merge_install=False, symlink_install=True, test_result_base=None, continue_on_error=False, executor='parallel', parallel_workers=16, event_handlers=None, ignore_user_meta=False, metas=['./colcon.meta'], base_paths=['.'], packages_ignore=None, packages_ignore_regex=None, paths=None, packages_up_to=None, packages_up_to_regex=None, packages_above=None, packages_above_and_dependencies=None, packages_above_depth=None, packages_select_by_dep=None, packages_skip_by_dep=None, packages_skip_up_to=None, packages_select_build_failed=False, packages_skip_build_finished=False, packages_select_test_failures=False, packages_skip_test_passed=False, packages_select=None, packages_skip=None, packages_select_regex=None, packages_skip_regex=None, packages_start=None, packages_end=None, allow_overriding=[], cmake_args=None, cmake_target=None, cmake_target_skip_unavailable=False, cmake_clean_cache=False, cmake_clean_first=False, cmake_force_configure=False, ament_cmake_args=None, catkin_cmake_args=None, catkin_skip_building_tests=False, verb_parser=<colcon_defaults.argument_parser.defaults.DefaultArgumentsDecorator object at 0x77ceab76c220>, verb_extension=<colcon_core.verb.build.BuildVerb object at 0x77ceab8e0910>, main=<bound method BuildVerb.main of <colcon_core.verb.build.BuildVerb object at 0x77ceab8e0910>>)
[0.988s] Level 1:colcon.colcon_core.package_discovery:discover_packages(colcon_meta) check parameters
[0.989s] Level 1:colcon.colcon_core.package_discovery:discover_packages(recursive) check parameters
[0.989s] Level 1:colcon.colcon_core.package_discovery:discover_packages(ignore) check parameters
[0.989s] Level 1:colcon.colcon_core.package_discovery:discover_packages(path) check parameters
[0.990s] Level 1:colcon.colcon_core.package_discovery:discover_packages(colcon_meta) discover
[0.990s] Level 1:colcon.colcon_core.package_discovery:discover_packages(recursive) discover
[0.990s] INFO:colcon.colcon_core.package_discovery:Crawling recursively for packages in '/mnt/d/Ethercat_N753-6AX_AGV/ros2_ws'
[0.991s] Level 1:colcon.colcon_core.package_identification:_identify(.) by extensions ['ignore', 'ignore_ament_install']
[0.992s] Level 1:colcon.colcon_core.package_identification:_identify(.) by extension 'ignore'
[0.992s] Level 1:colcon.colcon_core.package_identification:_identify(.) by extension 'ignore_ament_install'
[0.992s] Level 1:colcon.colcon_core.package_identification:_identify(.) by extensions ['colcon_pkg']
[0.993s] Level 1:colcon.colcon_core.package_identification:_identify(.) by extension 'colcon_pkg'
[0.993s] Level 1:colcon.colcon_core.package_identification:_identify(.) by extensions ['colcon_meta']
[0.993s] Level 1:colcon.colcon_core.package_identification:_identify(.) by extension 'colcon_meta'
[0.993s] Level 1:colcon.colcon_core.package_identification:_identify(.) by extensions ['ros']
[0.994s] Level 1:colcon.colcon_core.package_identification:_identify(.) by extension 'ros'
[1.007s] Level 1:colcon.colcon_core.package_identification:_identify(.) by extensions ['cmake', 'python']
[1.007s] Level 1:colcon.colcon_core.package_identification:_identify(.) by extension 'cmake'
[1.008s] Level 1:colcon.colcon_core.package_identification:_identify(.) by extension 'python'
[1.008s] Level 1:colcon.colcon_core.package_identification:_identify(.) by extensions ['python_setup_py']
[1.008s] Level 1:colcon.colcon_core.package_identification:_identify(.) by extension 'python_setup_py'
[1.011s] Level 1:colcon.colcon_core.package_identification:_identify(build) by extensions ['ignore', 'ignore_ament_install']
[1.011s] Level 1:colcon.colcon_core.package_identification:_identify(build) by extension 'ignore'
[1.012s] Level 1:colcon.colcon_core.package_identification:_identify(build) ignored
[1.014s] Level 1:colcon.colcon_core.package_identification:_identify(install) by extensions ['ignore', 'ignore_ament_install']
[1.014s] Level 1:colcon.colcon_core.package_identification:_identify(install) by extension 'ignore'
[1.015s] Level 1:colcon.colcon_core.package_identification:_identify(install) ignored
[1.019s] Level 1:colcon.colcon_core.package_identification:_identify(log) by extensions ['ignore', 'ignore_ament_install']
[1.019s] Level 1:colcon.colcon_core.package_identification:_identify(log) by extension 'ignore'
[1.020s] Level 1:colcon.colcon_core.package_identification:_identify(log) ignored
[1.022s] Level 1:colcon.colcon_core.package_identification:_identify(src) by extensions ['ignore', 'ignore_ament_install']
[1.022s] Level 1:colcon.colcon_core.package_identification:_identify(src) by extension 'ignore'
[1.023s] Level 1:colcon.colcon_core.package_identification:_identify(src) by extension 'ignore_ament_install'
[1.024s] Level 1:colcon.colcon_core.package_identification:_identify(src) by extensions ['colcon_pkg']
[1.025s] Level 1:colcon.colcon_core.package_identification:_identify(src) by extension 'colcon_pkg'
[1.025s] Level 1:colcon.colcon_core.package_identification:_identify(src) by extensions ['colcon_meta']
[1.025s] Level 1:colcon.colcon_core.package_identification:_identify(src) by extension 'colcon_meta'
[1.026s] Level 1:colcon.colcon_core.package_identification:_identify(src) by extensions ['ros']
[1.026s] Level 1:colcon.colcon_core.package_identification:_identify(src) by extension 'ros'
[1.029s] Level 1:colcon.colcon_core.package_identification:_identify(src) by extensions ['cmake', 'python']
[1.029s] Level 1:colcon.colcon_core.package_identification:_identify(src) by extension 'cmake'
[1.030s] Level 1:colcon.colcon_core.package_identification:_identify(src) by extension 'python'
[1.031s] Level 1:colcon.colcon_core.package_identification:_identify(src) by extensions ['python_setup_py']
[1.031s] Level 1:colcon.colcon_core.package_identification:_identify(src) by extension 'python_setup_py'
[1.035s] Level 1:colcon.colcon_core.package_identification:_identify(src/agv_bringup) by extensions ['ignore', 'ignore_ament_install']
[1.035s] Level 1:colcon.colcon_core.package_identification:_identify(src/agv_bringup) by extension 'ignore'
[1.036s] Level 1:colcon.colcon_core.package_identification:_identify(src/agv_bringup) by extension 'ignore_ament_install'
[1.038s] Level 1:colcon.colcon_core.package_identification:_identify(src/agv_bringup) by extensions ['colcon_pkg']
[1.038s] Level 1:colcon.colcon_core.package_identification:_identify(src/agv_bringup) by extension 'colcon_pkg'
[1.040s] Level 1:colcon.colcon_core.package_identification:_identify(src/agv_bringup) by extensions ['colcon_meta']
[1.040s] Level 1:colcon.colcon_core.package_identification:_identify(src/agv_bringup) by extension 'colcon_meta'
[1.041s] Level 1:colcon.colcon_core.package_identification:_identify(src/agv_bringup) by extensions ['ros']
[1.042s] Level 1:colcon.colcon_core.package_identification:_identify(src/agv_bringup) by extension 'ros'
[1.061s] DEBUG:colcon.colcon_core.package_identification:Failed to parse potential ROS package manifest in'src/agv_bringup': Error(s) in package 'src/agv_bringup/package.xml':
Invalid email "agv@local" for person "AGV Team"
[1.062s] Level 1:colcon.colcon_core.package_identification:_identify(src/agv_bringup) by extensions ['cmake', 'python']
[1.062s] Level 1:colcon.colcon_core.package_identification:_identify(src/agv_bringup) by extension 'cmake'
[1.063s] Level 1:colcon.colcon_core.package_identification:_identify(src/agv_bringup) by extension 'python'
[1.068s] DEBUG:colcon.colcon_core.package_identification:Python package in 'src/agv_bringup' passes arguments to the setup() function which requires a different identification extension than 'python'
[1.068s] Level 1:colcon.colcon_core.package_identification:_identify(src/agv_bringup) by extensions ['python_setup_py']
[1.068s] Level 1:colcon.colcon_core.package_identification:_identify(src/agv_bringup) by extension 'python_setup_py'
[2.146s] DEBUG:colcon.colcon_core.package_identification:Package 'src/agv_bringup' with type 'python' and name 'agv_bringup'
[2.151s] Level 1:colcon.colcon_core.package_identification:_identify(src/agv_description) by extensions ['ignore', 'ignore_ament_install']
[2.151s] Level 1:colcon.colcon_core.package_identification:_identify(src/agv_description) by extension 'ignore'
[2.152s] Level 1:colcon.colcon_core.package_identification:_identify(src/agv_description) by extension 'ignore_ament_install'
[2.155s] Level 1:colcon.colcon_core.package_identification:_identify(src/agv_description) by extensions ['colcon_pkg']
[2.155s] Level 1:colcon.colcon_core.package_identification:_identify(src/agv_description) by extension 'colcon_pkg'
[2.156s] Level 1:colcon.colcon_core.package_identification:_identify(src/agv_description) by extensions ['colcon_meta']
[2.156s] Level 1:colcon.colcon_core.package_identification:_identify(src/agv_description) by extension 'colcon_meta'
[2.158s] Level 1:colcon.colcon_core.package_identification:_identify(src/agv_description) by extensions ['ros']
[2.159s] Level 1:colcon.colcon_core.package_identification:_identify(src/agv_description) by extension 'ros'
[2.180s] DEBUG:colcon.colcon_core.package_identification:Failed to parse potential ROS package manifest in'src/agv_description': Error(s) in package 'src/agv_description/package.xml':
Invalid email "agv@local" for person "AGV Team"
[2.181s] Level 1:colcon.colcon_core.package_identification:_identify(src/agv_description) by extensions ['cmake', 'python']
[2.181s] Level 1:colcon.colcon_core.package_identification:_identify(src/agv_description) by extension 'cmake'
[2.182s] Level 1:colcon.colcon_core.package_identification:_identify(src/agv_description) by extension 'python'
[2.186s] Level 1:colcon.colcon_core.package_identification:_identify(src/agv_description) by extensions ['python_setup_py']
[2.186s] Level 1:colcon.colcon_core.package_identification:_identify(src/agv_description) by extension 'python_setup_py'
[3.194s] DEBUG:colcon.colcon_core.package_identification:Package 'src/agv_description' with type 'python' and name 'agv_description'
[3.194s] Level 1:colcon.colcon_core.package_discovery:discover_packages(recursive) using defaults
[3.194s] Level 1:colcon.colcon_core.package_discovery:discover_packages(ignore) discover
[3.194s] Level 1:colcon.colcon_core.package_discovery:discover_packages(ignore) using defaults
[3.195s] Level 1:colcon.colcon_core.package_discovery:discover_packages(path) discover
[3.195s] Level 1:colcon.colcon_core.package_discovery:discover_packages(path) using defaults
[3.292s] Level 1:colcon.colcon_core.package_discovery:discover_packages(prefix_path) check parameters
[3.292s] Level 1:colcon.colcon_core.package_discovery:discover_packages(prefix_path) discover
[3.331s] DEBUG:colcon.colcon_installed_package_information.package_discovery:Found 2 installed packages in /home/son/ros2_ws/install
[3.332s] DEBUG:colcon.colcon_installed_package_information.package_discovery:Found 351 installed packages in /opt/ros/humble
[3.340s] Level 1:colcon.colcon_core.package_discovery:discover_packages(prefix_path) using defaults
[3.381s] Level 5:colcon.colcon_core.verb:set package 'agv_bringup' build argument 'cmake_args' from command line to 'None'
[3.382s] Level 5:colcon.colcon_core.verb:set package 'agv_bringup' build argument 'cmake_target' from command line to 'None'
[3.382s] Level 5:colcon.colcon_core.verb:set package 'agv_bringup' build argument 'cmake_target_skip_unavailable' from command line to 'False'
[3.382s] Level 5:colcon.colcon_core.verb:set package 'agv_bringup' build argument 'cmake_clean_cache' from command line to 'False'
[3.382s] Level 5:colcon.colcon_core.verb:set package 'agv_bringup' build argument 'cmake_clean_first' from command line to 'False'
[3.383s] Level 5:colcon.colcon_core.verb:set package 'agv_bringup' build argument 'cmake_force_configure' from command line to 'False'
[3.383s] Level 5:colcon.colcon_core.verb:set package 'agv_bringup' build argument 'ament_cmake_args' from command line to 'None'
[3.383s] Level 5:colcon.colcon_core.verb:set package 'agv_bringup' build argument 'catkin_cmake_args' from command line to 'None'
[3.383s] Level 5:colcon.colcon_core.verb:set package 'agv_bringup' build argument 'catkin_skip_building_tests' from command line to 'False'
[3.383s] DEBUG:colcon.colcon_core.verb:Building package 'agv_bringup' with the following arguments: {'ament_cmake_args': None, 'build_base': '/mnt/d/Ethercat_N753-6AX_AGV/ros2_ws/build/agv_bringup', 'catkin_cmake_args': None, 'catkin_skip_building_tests': False, 'cmake_args': None, 'cmake_clean_cache': False, 'cmake_clean_first': False, 'cmake_force_configure': False, 'cmake_target': None, 'cmake_target_skip_unavailable': False, 'install_base': '/mnt/d/Ethercat_N753-6AX_AGV/ros2_ws/install/agv_bringup', 'merge_install': False, 'path': '/mnt/d/Ethercat_N753-6AX_AGV/ros2_ws/src/agv_bringup', 'symlink_install': True, 'test_result_base': None}
[3.384s] Level 5:colcon.colcon_core.verb:set package 'agv_description' build argument 'cmake_args' from command line to 'None'
[3.384s] Level 5:colcon.colcon_core.verb:set package 'agv_description' build argument 'cmake_target' from command line to 'None'
[3.384s] Level 5:colcon.colcon_core.verb:set package 'agv_description' build argument 'cmake_target_skip_unavailable' from command line to 'False'
[3.384s] Level 5:colcon.colcon_core.verb:set package 'agv_description' build argument 'cmake_clean_cache' from command line to 'False'
[3.384s] Level 5:colcon.colcon_core.verb:set package 'agv_description' build argument 'cmake_clean_first' from command line to 'False'
[3.385s] Level 5:colcon.colcon_core.verb:set package 'agv_description' build argument 'cmake_force_configure' from command line to 'False'
[3.385s] Level 5:colcon.colcon_core.verb:set package 'agv_description' build argument 'ament_cmake_args' from command line to 'None'
[3.385s] Level 5:colcon.colcon_core.verb:set package 'agv_description' build argument 'catkin_cmake_args' from command line to 'None'
[3.385s] Level 5:colcon.colcon_core.verb:set package 'agv_description' build argument 'catkin_skip_building_tests' from command line to 'False'
[3.385s] DEBUG:colcon.colcon_core.verb:Building package 'agv_description' with the following arguments: {'ament_cmake_args': None, 'build_base': '/mnt/d/Ethercat_N753-6AX_AGV/ros2_ws/build/agv_description', 'catkin_cmake_args': None, 'catkin_skip_building_tests': False, 'cmake_args': None, 'cmake_clean_cache': False, 'cmake_clean_first': False, 'cmake_force_configure': False, 'cmake_target': None, 'cmake_target_skip_unavailable': False, 'install_base': '/mnt/d/Ethercat_N753-6AX_AGV/ros2_ws/install/agv_description', 'merge_install': False, 'path': '/mnt/d/Ethercat_N753-6AX_AGV/ros2_ws/src/agv_description', 'symlink_install': True, 'test_result_base': None}
[3.386s] INFO:colcon.colcon_core.executor:Executing jobs using 'parallel' executor
[3.386s] DEBUG:colcon.colcon_parallel_executor.executor.parallel:run_until_complete
[3.387s] INFO:colcon.colcon_core.task.python.build:Building Python package in '/mnt/d/Ethercat_N753-6AX_AGV/ros2_ws/src/agv_bringup'
[3.399s] INFO:colcon.colcon_core.plugin_system:Skipping extension 'colcon_core.shell.bat': Not used on non-Windows systems
[3.399s] INFO:colcon.colcon_core.shell:Skip shell extension 'powershell' for command environment: Not usable outside of PowerShell
[3.400s] DEBUG:colcon.colcon_core.shell:Skip shell extension 'dsv' for command environment
[3.444s] INFO:colcon.colcon_core.task.python.build:Building Python package in '/mnt/d/Ethercat_N753-6AX_AGV/ros2_ws/src/agv_description'
[3.444s] INFO:colcon.colcon_core.shell:Skip shell extension 'powershell' for command environment: Not usable outside of PowerShell
[3.445s] DEBUG:colcon.colcon_core.shell:Skip shell extension 'dsv' for command environment
[6.005s] DEBUG:colcon.colcon_core.event_handler.log_command:Invoking command in '/mnt/d/Ethercat_N753-6AX_AGV/ros2_ws/build/agv_bringup': PYTHONPATH=/mnt/d/Ethercat_N753-6AX_AGV/ros2_ws/build/agv_bringup/prefix_override:/usr/lib/python3/dist-packages/colcon_core/task/python/colcon_distutils_commands:/mnt/d/Ethercat_N753-6AX_AGV/ros2_ws/install/agv_bringup/lib/python3.10/site-packages:${PYTHONPATH} /usr/bin/python3 -W ignore:setup.py install is deprecated -W ignore:easy_install command is deprecated setup.py develop --editable --build-directory /mnt/d/Ethercat_N753-6AX_AGV/ros2_ws/build/agv_bringup/build --no-deps symlink_data
[6.622s] DEBUG:colcon.colcon_core.event_handler.log_command:Invoking command in '/mnt/d/Ethercat_N753-6AX_AGV/ros2_ws/build/agv_description': PYTHONPATH=/mnt/d/Ethercat_N753-6AX_AGV/ros2_ws/build/agv_description/prefix_override:/usr/lib/python3/dist-packages/colcon_core/task/python/colcon_distutils_commands:/mnt/d/Ethercat_N753-6AX_AGV/ros2_ws/install/agv_description/lib/python3.10/site-packages:${PYTHONPATH} /usr/bin/python3 -W ignore:setup.py install is deprecated -W ignore:easy_install command is deprecated setup.py develop --editable --build-directory /mnt/d/Ethercat_N753-6AX_AGV/ros2_ws/build/agv_description/build --no-deps symlink_data
[7.787s] Level 1:colcon.colcon_core.shell:create_environment_hook('agv_bringup', 'pythonpath_develop')
[7.788s] INFO:colcon.colcon_core.shell:Creating environment hook '/mnt/d/Ethercat_N753-6AX_AGV/ros2_ws/build/agv_bringup/share/agv_bringup/hook/pythonpath_develop.ps1'
[7.789s] DEBUG:colcon.colcon_core.event_handler.log_command:Invoked command in '/mnt/d/Ethercat_N753-6AX_AGV/ros2_ws/build/agv_bringup' returned '0': PYTHONPATH=/mnt/d/Ethercat_N753-6AX_AGV/ros2_ws/build/agv_bringup/prefix_override:/usr/lib/python3/dist-packages/colcon_core/task/python/colcon_distutils_commands:/mnt/d/Ethercat_N753-6AX_AGV/ros2_ws/install/agv_bringup/lib/python3.10/site-packages:${PYTHONPATH} /usr/bin/python3 -W ignore:setup.py install is deprecated -W ignore:easy_install command is deprecated setup.py develop --editable --build-directory /mnt/d/Ethercat_N753-6AX_AGV/ros2_ws/build/agv_bringup/build --no-deps symlink_data
[7.798s] INFO:colcon.colcon_core.shell:Creating environment descriptor '/mnt/d/Ethercat_N753-6AX_AGV/ros2_ws/build/agv_bringup/share/agv_bringup/hook/pythonpath_develop.dsv'
[7.808s] INFO:colcon.colcon_core.shell:Creating environment hook '/mnt/d/Ethercat_N753-6AX_AGV/ros2_ws/build/agv_bringup/share/agv_bringup/hook/pythonpath_develop.sh'
[7.828s] Level 1:colcon.colcon_core.environment:checking '/mnt/d/Ethercat_N753-6AX_AGV/ros2_ws/install/agv_bringup' for CMake module files
[7.869s] Level 1:colcon.colcon_core.environment:checking '/mnt/d/Ethercat_N753-6AX_AGV/ros2_ws/install/agv_bringup' for CMake config files
[7.980s] Level 1:colcon.colcon_core.environment:checking '/mnt/d/Ethercat_N753-6AX_AGV/ros2_ws/install/agv_bringup/lib'
[7.983s] Level 1:colcon.colcon_core.environment:checking '/mnt/d/Ethercat_N753-6AX_AGV/ros2_ws/install/agv_bringup/bin'
[7.988s] Level 1:colcon.colcon_core.shell:create_environment_hook('agv_bringup', 'path')
[7.989s] INFO:colcon.colcon_core.shell:Creating environment hook '/mnt/d/Ethercat_N753-6AX_AGV/ros2_ws/install/agv_bringup/share/agv_bringup/hook/path.ps1'
[8.001s] INFO:colcon.colcon_core.shell:Creating environment descriptor '/mnt/d/Ethercat_N753-6AX_AGV/ros2_ws/install/agv_bringup/share/agv_bringup/hook/path.dsv'
[8.013s] INFO:colcon.colcon_core.shell:Creating environment hook '/mnt/d/Ethercat_N753-6AX_AGV/ros2_ws/install/agv_bringup/share/agv_bringup/hook/path.sh'
[8.025s] Level 1:colcon.colcon_core.environment:checking '/mnt/d/Ethercat_N753-6AX_AGV/ros2_ws/install/agv_bringup/lib/pkgconfig/agv_bringup.pc'
[8.026s] Level 1:colcon.colcon_core.environment:checking '/mnt/d/Ethercat_N753-6AX_AGV/ros2_ws/install/agv_bringup/lib/python3.10/site-packages'
[8.028s] Level 1:colcon.colcon_core.shell:create_environment_hook('agv_bringup', 'pythonpath')
[8.029s] INFO:colcon.colcon_core.shell:Creating environment hook '/mnt/d/Ethercat_N753-6AX_AGV/ros2_ws/install/agv_bringup/share/agv_bringup/hook/pythonpath.ps1'
[8.040s] INFO:colcon.colcon_core.shell:Creating environment descriptor '/mnt/d/Ethercat_N753-6AX_AGV/ros2_ws/install/agv_bringup/share/agv_bringup/hook/pythonpath.dsv'
[8.053s] INFO:colcon.colcon_core.shell:Creating environment hook '/mnt/d/Ethercat_N753-6AX_AGV/ros2_ws/install/agv_bringup/share/agv_bringup/hook/pythonpath.sh'
[8.065s] Level 1:colcon.colcon_core.environment:checking '/mnt/d/Ethercat_N753-6AX_AGV/ros2_ws/install/agv_bringup/bin'
[8.070s] Level 1:colcon.colcon_core.shell:create_environment_hook('agv_bringup', 'pythonscriptspath')
[8.070s] INFO:colcon.colcon_core.shell:Creating environment hook '/mnt/d/Ethercat_N753-6AX_AGV/ros2_ws/install/agv_bringup/share/agv_bringup/hook/pythonscriptspath.ps1'
[8.082s] INFO:colcon.colcon_core.shell:Creating environment descriptor '/mnt/d/Ethercat_N753-6AX_AGV/ros2_ws/install/agv_bringup/share/agv_bringup/hook/pythonscriptspath.dsv'
[8.094s] INFO:colcon.colcon_core.shell:Creating environment hook '/mnt/d/Ethercat_N753-6AX_AGV/ros2_ws/install/agv_bringup/share/agv_bringup/hook/pythonscriptspath.sh'
[8.106s] Level 1:colcon.colcon_core.environment:create_environment_scripts_only(agv_bringup)
[8.106s] INFO:colcon.colcon_core.shell:Creating package script '/mnt/d/Ethercat_N753-6AX_AGV/ros2_ws/install/agv_bringup/share/agv_bringup/package.ps1'
[8.116s] INFO:colcon.colcon_core.shell:Creating package descriptor '/mnt/d/Ethercat_N753-6AX_AGV/ros2_ws/install/agv_bringup/share/agv_bringup/package.dsv'
[8.125s] INFO:colcon.colcon_core.shell:Creating package script '/mnt/d/Ethercat_N753-6AX_AGV/ros2_ws/install/agv_bringup/share/agv_bringup/package.sh'
[8.135s] INFO:colcon.colcon_core.shell:Creating package script '/mnt/d/Ethercat_N753-6AX_AGV/ros2_ws/install/agv_bringup/share/agv_bringup/package.bash'
[8.145s] INFO:colcon.colcon_core.shell:Creating package script '/mnt/d/Ethercat_N753-6AX_AGV/ros2_ws/install/agv_bringup/share/agv_bringup/package.zsh'
[8.154s] Level 1:colcon.colcon_core.environment:create_file_with_runtime_dependencies(/mnt/d/Ethercat_N753-6AX_AGV/ros2_ws/install/agv_bringup/share/colcon-core/packages/agv_bringup)
[8.241s] Level 1:colcon.colcon_core.shell:create_environment_hook('agv_description', 'pythonpath_develop')
[8.242s] INFO:colcon.colcon_core.shell:Creating environment hook '/mnt/d/Ethercat_N753-6AX_AGV/ros2_ws/build/agv_description/share/agv_description/hook/pythonpath_develop.ps1'
[8.243s] DEBUG:colcon.colcon_core.event_handler.log_command:Invoked command in '/mnt/d/Ethercat_N753-6AX_AGV/ros2_ws/build/agv_description' returned '0': PYTHONPATH=/mnt/d/Ethercat_N753-6AX_AGV/ros2_ws/build/agv_description/prefix_override:/usr/lib/python3/dist-packages/colcon_core/task/python/colcon_distutils_commands:/mnt/d/Ethercat_N753-6AX_AGV/ros2_ws/install/agv_description/lib/python3.10/site-packages:${PYTHONPATH} /usr/bin/python3 -W ignore:setup.py install is deprecated -W ignore:easy_install command is deprecated setup.py develop --editable --build-directory /mnt/d/Ethercat_N753-6AX_AGV/ros2_ws/build/agv_description/build --no-deps symlink_data
[8.253s] INFO:colcon.colcon_core.shell:Creating environment descriptor '/mnt/d/Ethercat_N753-6AX_AGV/ros2_ws/build/agv_description/share/agv_description/hook/pythonpath_develop.dsv'
[8.264s] INFO:colcon.colcon_core.shell:Creating environment hook '/mnt/d/Ethercat_N753-6AX_AGV/ros2_ws/build/agv_description/share/agv_description/hook/pythonpath_develop.sh'
[8.275s] Level 1:colcon.colcon_core.environment:checking '/mnt/d/Ethercat_N753-6AX_AGV/ros2_ws/install/agv_description' for CMake module files
[8.317s] Level 1:colcon.colcon_core.environment:checking '/mnt/d/Ethercat_N753-6AX_AGV/ros2_ws/install/agv_description' for CMake config files
[8.395s] Level 1:colcon.colcon_core.environment:checking '/mnt/d/Ethercat_N753-6AX_AGV/ros2_ws/install/agv_description/lib'
[8.399s] Level 1:colcon.colcon_core.environment:checking '/mnt/d/Ethercat_N753-6AX_AGV/ros2_ws/install/agv_description/bin'
[8.400s] Level 1:colcon.colcon_core.environment:checking '/mnt/d/Ethercat_N753-6AX_AGV/ros2_ws/install/agv_description/lib/pkgconfig/agv_description.pc'
[8.402s] Level 1:colcon.colcon_core.environment:checking '/mnt/d/Ethercat_N753-6AX_AGV/ros2_ws/install/agv_description/lib/python3.10/site-packages'
[8.404s] Level 1:colcon.colcon_core.shell:create_environment_hook('agv_description', 'pythonpath')
[8.404s] INFO:colcon.colcon_core.shell:Creating environment hook '/mnt/d/Ethercat_N753-6AX_AGV/ros2_ws/install/agv_description/share/agv_description/hook/pythonpath.ps1'
[8.415s] INFO:colcon.colcon_core.shell:Creating environment descriptor '/mnt/d/Ethercat_N753-6AX_AGV/ros2_ws/install/agv_description/share/agv_description/hook/pythonpath.dsv'
[8.426s] INFO:colcon.colcon_core.shell:Creating environment hook '/mnt/d/Ethercat_N753-6AX_AGV/ros2_ws/install/agv_description/share/agv_description/hook/pythonpath.sh'
[8.437s] Level 1:colcon.colcon_core.environment:checking '/mnt/d/Ethercat_N753-6AX_AGV/ros2_ws/install/agv_description/bin'
[8.438s] Level 1:colcon.colcon_core.environment:create_environment_scripts_only(agv_description)
[8.439s] INFO:colcon.colcon_core.shell:Creating package script '/mnt/d/Ethercat_N753-6AX_AGV/ros2_ws/install/agv_description/share/agv_description/package.ps1'
[8.448s] INFO:colcon.colcon_core.shell:Creating package descriptor '/mnt/d/Ethercat_N753-6AX_AGV/ros2_ws/install/agv_description/share/agv_description/package.dsv'
[8.457s] INFO:colcon.colcon_core.shell:Creating package script '/mnt/d/Ethercat_N753-6AX_AGV/ros2_ws/install/agv_description/share/agv_description/package.sh'
[8.466s] INFO:colcon.colcon_core.shell:Creating package script '/mnt/d/Ethercat_N753-6AX_AGV/ros2_ws/install/agv_description/share/agv_description/package.bash'
[8.475s] INFO:colcon.colcon_core.shell:Creating package script '/mnt/d/Ethercat_N753-6AX_AGV/ros2_ws/install/agv_description/share/agv_description/package.zsh'
[8.484s] Level 1:colcon.colcon_core.environment:create_file_with_runtime_dependencies(/mnt/d/Ethercat_N753-6AX_AGV/ros2_ws/install/agv_description/share/colcon-core/packages/agv_description)
[8.492s] DEBUG:colcon.colcon_parallel_executor.executor.parallel:closing loop
[8.492s] DEBUG:colcon.colcon_parallel_executor.executor.parallel:loop closed
[8.492s] DEBUG:colcon.colcon_parallel_executor.executor.parallel:run_until_complete finished with '0'
[8.492s] DEBUG:colcon.colcon_core.event_reactor:joining thread
[8.567s] INFO:colcon.colcon_core.plugin_system:Skipping extension 'colcon_notification.desktop_notification.notify_send': Could not find 'notify-send'
[8.568s] INFO:colcon.colcon_core.plugin_system:Skipping extension 'colcon_notification.desktop_notification.terminal_notifier': Not used on non-Darwin systems
[8.568s] INFO:colcon.colcon_core.plugin_system:Skipping extension 'colcon_notification.desktop_notification.win32': Not used on non-Windows systems
[8.568s] INFO:colcon.colcon_notification.desktop_notification:Sending desktop notification using 'notify2'
[8.568s] DEBUG:colcon.colcon_notification.desktop_notification.notify2:Failed to initialize notify2: org.freedesktop.DBus.Error.FileNotFound: Failed to connect to socket /run/user/1000/bus: No such file or directory
[8.569s] DEBUG:colcon.colcon_core.event_reactor:joined thread
[8.569s] INFO:colcon.colcon_core.shell:Creating prefix script '/mnt/d/Ethercat_N753-6AX_AGV/ros2_ws/install/local_setup.ps1'
[8.573s] INFO:colcon.colcon_core.shell:Creating prefix util module '/mnt/d/Ethercat_N753-6AX_AGV/ros2_ws/install/_local_setup_util_ps1.py'
[8.578s] INFO:colcon.colcon_core.shell:Creating prefix chain script '/mnt/d/Ethercat_N753-6AX_AGV/ros2_ws/install/setup.ps1'
[8.593s] INFO:colcon.colcon_core.shell:Creating prefix script '/mnt/d/Ethercat_N753-6AX_AGV/ros2_ws/install/local_setup.sh'
[8.597s] INFO:colcon.colcon_core.shell:Creating prefix util module '/mnt/d/Ethercat_N753-6AX_AGV/ros2_ws/install/_local_setup_util_sh.py'
[8.601s] INFO:colcon.colcon_core.shell:Creating prefix chain script '/mnt/d/Ethercat_N753-6AX_AGV/ros2_ws/install/setup.sh'
[8.617s] INFO:colcon.colcon_core.shell:Creating prefix script '/mnt/d/Ethercat_N753-6AX_AGV/ros2_ws/install/local_setup.bash'
[8.621s] INFO:colcon.colcon_core.shell:Creating prefix chain script '/mnt/d/Ethercat_N753-6AX_AGV/ros2_ws/install/setup.bash'
[8.636s] INFO:colcon.colcon_core.shell:Creating prefix script '/mnt/d/Ethercat_N753-6AX_AGV/ros2_ws/install/local_setup.zsh'
[8.640s] INFO:colcon.colcon_core.shell:Creating prefix chain script '/mnt/d/Ethercat_N753-6AX_AGV/ros2_ws/install/setup.zsh'
