running develop
running egg_info
creating agv_description.egg-info
writing agv_description.egg-info/PKG-INFO
writing dependency_links to agv_description.egg-info/dependency_links.txt
writing requirements to agv_description.egg-info/requires.txt
writing top-level names to agv_description.egg-info/top_level.txt
writing manifest file 'agv_description.egg-info/SOURCES.txt'
reading manifest file 'agv_description.egg-info/SOURCES.txt'
writing manifest file 'agv_description.egg-info/SOURCES.txt'
running build_ext
Creating /mnt/d/Ethercat_N753-6AX_AGV/ros2_ws/install/agv_description/lib/python3.10/site-packages/agv-description.egg-link (link to .)

Installed /mnt/d/Ethercat_N753-6AX_AGV/ros2_ws/build/agv_description
running symlink_data
creating /mnt/d/Ethercat_N753-6AX_AGV/ros2_ws/install/agv_description/share/ament_index
creating /mnt/d/Ethercat_N753-6AX_AGV/ros2_ws/install/agv_description/share/ament_index/resource_index
creating /mnt/d/Ethercat_N753-6AX_AGV/ros2_ws/install/agv_description/share/ament_index/resource_index/packages
symbolically linking /mnt/d/Ethercat_N753-6AX_AGV/ros2_ws/build/agv_description/resource/agv_description -> /mnt/d/Ethercat_N753-6AX_AGV/ros2_ws/install/agv_description/share/ament_index/resource_index/packages
symbolically linking /mnt/d/Ethercat_N753-6AX_AGV/ros2_ws/build/agv_description/package.xml -> /mnt/d/Ethercat_N753-6AX_AGV/ros2_ws/install/agv_description/share/agv_description
creating /mnt/d/Ethercat_N753-6AX_AGV/ros2_ws/install/agv_description/share/agv_description/urdf
symbolically linking /mnt/d/Ethercat_N753-6AX_AGV/ros2_ws/build/agv_description/urdf/agv.urdf.xacro -> /mnt/d/Ethercat_N753-6AX_AGV/ros2_ws/install/agv_description/share/agv_description/urdf
creating /mnt/d/Ethercat_N753-6AX_AGV/ros2_ws/install/agv_description/share/agv_description/launch
symbolically linking /mnt/d/Ethercat_N753-6AX_AGV/ros2_ws/build/agv_description/launch/description.launch.py -> /mnt/d/Ethercat_N753-6AX_AGV/ros2_ws/install/agv_description/share/agv_description/launch
