[0.662s] DEBUG:colcon:Command line arguments: ['/usr/bin/colcon', 'build', '--symlink-install']
[0.663s] DEBUG:colcon:Parsed command line arguments: Namespace(log_base=None, log_level=None, verb_name='build', build_base='build', install_base='install', merge_install=False, symlink_install=True, test_result_base=None, continue_on_error=False, executor='parallel', parallel_workers=16, event_handlers=None, ignore_user_meta=False, metas=['./colcon.meta'], base_paths=['.'], packages_ignore=None, packages_ignore_regex=None, paths=None, packages_up_to=None, packages_up_to_regex=None, packages_above=None, packages_above_and_dependencies=None, packages_above_depth=None, packages_select_by_dep=None, packages_skip_by_dep=None, packages_skip_up_to=None, packages_select_build_failed=False, packages_skip_build_finished=False, packages_select_test_failures=False, packages_skip_test_passed=False, packages_select=None, packages_skip=None, packages_select_regex=None, packages_skip_regex=None, packages_start=None, packages_end=None, allow_overriding=[], cmake_args=None, cmake_target=None, cmake_target_skip_unavailable=False, cmake_clean_cache=False, cmake_clean_first=False, cmake_force_configure=False, ament_cmake_args=None, catkin_cmake_args=None, catkin_skip_building_tests=False, verb_parser=<colcon_defaults.argument_parser.defaults.DefaultArgumentsDecorator object at 0x76bb1cb6c250>, verb_extension=<colcon_core.verb.build.BuildVerb object at 0x76bb1cce0940>, main=<bound method BuildVerb.main of <colcon_core.verb.build.BuildVerb object at 0x76bb1cce0940>>)
[0.923s] Level 1:colcon.colcon_core.package_discovery:discover_packages(colcon_meta) check parameters
[0.923s] Level 1:colcon.colcon_core.package_discovery:discover_packages(recursive) check parameters
[0.923s] Level 1:colcon.colcon_core.package_discovery:discover_packages(ignore) check parameters
[0.923s] Level 1:colcon.colcon_core.package_discovery:discover_packages(path) check parameters
[0.924s] Level 1:colcon.colcon_core.package_discovery:discover_packages(colcon_meta) discover
[0.924s] Level 1:colcon.colcon_core.package_discovery:discover_packages(recursive) discover
[0.924s] INFO:colcon.colcon_core.package_discovery:Crawling recursively for packages in '/mnt/d/Ethercat_N753-6AX_AGV/ros2_ws'
[0.925s] Level 1:colcon.colcon_core.package_identification:_identify(.) by extensions ['ignore', 'ignore_ament_install']
[0.926s] Level 1:colcon.colcon_core.package_identification:_identify(.) by extension 'ignore'
[0.926s] Level 1:colcon.colcon_core.package_identification:_identify(.) by extension 'ignore_ament_install'
[0.926s] Level 1:colcon.colcon_core.package_identification:_identify(.) by extensions ['colcon_pkg']
[0.927s] Level 1:colcon.colcon_core.package_identification:_identify(.) by extension 'colcon_pkg'
[0.927s] Level 1:colcon.colcon_core.package_identification:_identify(.) by extensions ['colcon_meta']
[0.927s] Level 1:colcon.colcon_core.package_identification:_identify(.) by extension 'colcon_meta'
[0.927s] Level 1:colcon.colcon_core.package_identification:_identify(.) by extensions ['ros']
[0.928s] Level 1:colcon.colcon_core.package_identification:_identify(.) by extension 'ros'
[0.941s] Level 1:colcon.colcon_core.package_identification:_identify(.) by extensions ['cmake', 'python']
[0.941s] Level 1:colcon.colcon_core.package_identification:_identify(.) by extension 'cmake'
[0.942s] Level 1:colcon.colcon_core.package_identification:_identify(.) by extension 'python'
[0.942s] Level 1:colcon.colcon_core.package_identification:_identify(.) by extensions ['python_setup_py']
[0.942s] Level 1:colcon.colcon_core.package_identification:_identify(.) by extension 'python_setup_py'
[0.945s] Level 1:colcon.colcon_core.package_identification:_identify(build) by extensions ['ignore', 'ignore_ament_install']
[0.945s] Level 1:colcon.colcon_core.package_identification:_identify(build) by extension 'ignore'
[0.946s] Level 1:colcon.colcon_core.package_identification:_identify(build) ignored
[0.948s] Level 1:colcon.colcon_core.package_identification:_identify(install) by extensions ['ignore', 'ignore_ament_install']
[0.948s] Level 1:colcon.colcon_core.package_identification:_identify(install) by extension 'ignore'
[0.949s] Level 1:colcon.colcon_core.package_identification:_identify(install) ignored
[0.953s] Level 1:colcon.colcon_core.package_identification:_identify(log) by extensions ['ignore', 'ignore_ament_install']
[0.953s] Level 1:colcon.colcon_core.package_identification:_identify(log) by extension 'ignore'
[0.953s] Level 1:colcon.colcon_core.package_identification:_identify(log) ignored
[0.956s] Level 1:colcon.colcon_core.package_identification:_identify(src) by extensions ['ignore', 'ignore_ament_install']
[0.956s] Level 1:colcon.colcon_core.package_identification:_identify(src) by extension 'ignore'
[0.957s] Level 1:colcon.colcon_core.package_identification:_identify(src) by extension 'ignore_ament_install'
[0.958s] Level 1:colcon.colcon_core.package_identification:_identify(src) by extensions ['colcon_pkg']
[0.958s] Level 1:colcon.colcon_core.package_identification:_identify(src) by extension 'colcon_pkg'
[0.959s] Level 1:colcon.colcon_core.package_identification:_identify(src) by extensions ['colcon_meta']
[0.959s] Level 1:colcon.colcon_core.package_identification:_identify(src) by extension 'colcon_meta'
[0.960s] Level 1:colcon.colcon_core.package_identification:_identify(src) by extensions ['ros']
[0.960s] Level 1:colcon.colcon_core.package_identification:_identify(src) by extension 'ros'
[0.962s] Level 1:colcon.colcon_core.package_identification:_identify(src) by extensions ['cmake', 'python']
[0.963s] Level 1:colcon.colcon_core.package_identification:_identify(src) by extension 'cmake'
[0.963s] Level 1:colcon.colcon_core.package_identification:_identify(src) by extension 'python'
[0.964s] Level 1:colcon.colcon_core.package_identification:_identify(src) by extensions ['python_setup_py']
[0.964s] Level 1:colcon.colcon_core.package_identification:_identify(src) by extension 'python_setup_py'
[0.968s] Level 1:colcon.colcon_core.package_identification:_identify(src/agv_bringup) by extensions ['ignore', 'ignore_ament_install']
[0.968s] Level 1:colcon.colcon_core.package_identification:_identify(src/agv_bringup) by extension 'ignore'
[0.969s] Level 1:colcon.colcon_core.package_identification:_identify(src/agv_bringup) by extension 'ignore_ament_install'
[0.971s] Level 1:colcon.colcon_core.package_identification:_identify(src/agv_bringup) by extensions ['colcon_pkg']
[0.972s] Level 1:colcon.colcon_core.package_identification:_identify(src/agv_bringup) by extension 'colcon_pkg'
[0.973s] Level 1:colcon.colcon_core.package_identification:_identify(src/agv_bringup) by extensions ['colcon_meta']
[0.973s] Level 1:colcon.colcon_core.package_identification:_identify(src/agv_bringup) by extension 'colcon_meta'
[0.974s] Level 1:colcon.colcon_core.package_identification:_identify(src/agv_bringup) by extensions ['ros']
[0.974s] Level 1:colcon.colcon_core.package_identification:_identify(src/agv_bringup) by extension 'ros'
[0.992s] DEBUG:colcon.colcon_core.package_identification:Failed to parse potential ROS package manifest in'src/agv_bringup': Error(s) in package 'src/agv_bringup/package.xml':
Invalid email "agv@local" for person "AGV Team"
[0.993s] Level 1:colcon.colcon_core.package_identification:_identify(src/agv_bringup) by extensions ['cmake', 'python']
[0.993s] Level 1:colcon.colcon_core.package_identification:_identify(src/agv_bringup) by extension 'cmake'
[0.994s] Level 1:colcon.colcon_core.package_identification:_identify(src/agv_bringup) by extension 'python'
[0.997s] Level 1:colcon.colcon_core.package_identification:_identify(src/agv_bringup) by extensions ['python_setup_py']
[0.997s] Level 1:colcon.colcon_core.package_identification:_identify(src/agv_bringup) by extension 'python_setup_py'
[1.841s] DEBUG:colcon.colcon_core.package_identification:Package 'src/agv_bringup' with type 'python' and name 'agv_bringup'
[1.844s] Level 1:colcon.colcon_core.package_identification:_identify(src/agv_description) by extensions ['ignore', 'ignore_ament_install']
[1.845s] Level 1:colcon.colcon_core.package_identification:_identify(src/agv_description) by extension 'ignore'
[1.846s] Level 1:colcon.colcon_core.package_identification:_identify(src/agv_description) by extension 'ignore_ament_install'
[1.848s] Level 1:colcon.colcon_core.package_identification:_identify(src/agv_description) by extensions ['colcon_pkg']
[1.848s] Level 1:colcon.colcon_core.package_identification:_identify(src/agv_description) by extension 'colcon_pkg'
[1.849s] Level 1:colcon.colcon_core.package_identification:_identify(src/agv_description) by extensions ['colcon_meta']
[1.849s] Level 1:colcon.colcon_core.package_identification:_identify(src/agv_description) by extension 'colcon_meta'
[1.851s] Level 1:colcon.colcon_core.package_identification:_identify(src/agv_description) by extensions ['ros']
[1.851s] Level 1:colcon.colcon_core.package_identification:_identify(src/agv_description) by extension 'ros'
[1.868s] DEBUG:colcon.colcon_core.package_identification:Failed to parse potential ROS package manifest in'src/agv_description': Error(s) in package 'src/agv_description/package.xml':
Invalid email "agv@local" for person "AGV Team"
[1.869s] Level 1:colcon.colcon_core.package_identification:_identify(src/agv_description) by extensions ['cmake', 'python']
[1.869s] Level 1:colcon.colcon_core.package_identification:_identify(src/agv_description) by extension 'cmake'
[1.870s] Level 1:colcon.colcon_core.package_identification:_identify(src/agv_description) by extension 'python'
[1.872s] Level 1:colcon.colcon_core.package_identification:_identify(src/agv_description) by extensions ['python_setup_py']
[1.873s] Level 1:colcon.colcon_core.package_identification:_identify(src/agv_description) by extension 'python_setup_py'
[2.718s] DEBUG:colcon.colcon_core.package_identification:Package 'src/agv_description' with type 'python' and name 'agv_description'
[2.718s] Level 1:colcon.colcon_core.package_discovery:discover_packages(recursive) using defaults
[2.718s] Level 1:colcon.colcon_core.package_discovery:discover_packages(ignore) discover
[2.719s] Level 1:colcon.colcon_core.package_discovery:discover_packages(ignore) using defaults
[2.719s] Level 1:colcon.colcon_core.package_discovery:discover_packages(path) discover
[2.719s] Level 1:colcon.colcon_core.package_discovery:discover_packages(path) using defaults
[2.811s] Level 1:colcon.colcon_core.package_discovery:discover_packages(prefix_path) check parameters
[2.812s] Level 1:colcon.colcon_core.package_discovery:discover_packages(prefix_path) discover
[2.848s] DEBUG:colcon.colcon_installed_package_information.package_discovery:Found 2 installed packages in /home/son/ros2_ws/install
[2.849s] DEBUG:colcon.colcon_installed_package_information.package_discovery:Found 351 installed packages in /opt/ros/humble
[2.857s] Level 1:colcon.colcon_core.package_discovery:discover_packages(prefix_path) using defaults
[2.897s] Level 5:colcon.colcon_core.verb:set package 'agv_bringup' build argument 'cmake_args' from command line to 'None'
[2.897s] Level 5:colcon.colcon_core.verb:set package 'agv_bringup' build argument 'cmake_target' from command line to 'None'
[2.898s] Level 5:colcon.colcon_core.verb:set package 'agv_bringup' build argument 'cmake_target_skip_unavailable' from command line to 'False'
[2.898s] Level 5:colcon.colcon_core.verb:set package 'agv_bringup' build argument 'cmake_clean_cache' from command line to 'False'
[2.898s] Level 5:colcon.colcon_core.verb:set package 'agv_bringup' build argument 'cmake_clean_first' from command line to 'False'
[2.898s] Level 5:colcon.colcon_core.verb:set package 'agv_bringup' build argument 'cmake_force_configure' from command line to 'False'
[2.898s] Level 5:colcon.colcon_core.verb:set package 'agv_bringup' build argument 'ament_cmake_args' from command line to 'None'
[2.898s] Level 5:colcon.colcon_core.verb:set package 'agv_bringup' build argument 'catkin_cmake_args' from command line to 'None'
[2.899s] Level 5:colcon.colcon_core.verb:set package 'agv_bringup' build argument 'catkin_skip_building_tests' from command line to 'False'
[2.899s] DEBUG:colcon.colcon_core.verb:Building package 'agv_bringup' with the following arguments: {'ament_cmake_args': None, 'build_base': '/mnt/d/Ethercat_N753-6AX_AGV/ros2_ws/build/agv_bringup', 'catkin_cmake_args': None, 'catkin_skip_building_tests': False, 'cmake_args': None, 'cmake_clean_cache': False, 'cmake_clean_first': False, 'cmake_force_configure': False, 'cmake_target': None, 'cmake_target_skip_unavailable': False, 'install_base': '/mnt/d/Ethercat_N753-6AX_AGV/ros2_ws/install/agv_bringup', 'merge_install': False, 'path': '/mnt/d/Ethercat_N753-6AX_AGV/ros2_ws/src/agv_bringup', 'symlink_install': True, 'test_result_base': None}
[2.899s] Level 5:colcon.colcon_core.verb:set package 'agv_description' build argument 'cmake_args' from command line to 'None'
[2.899s] Level 5:colcon.colcon_core.verb:set package 'agv_description' build argument 'cmake_target' from command line to 'None'
[2.900s] Level 5:colcon.colcon_core.verb:set package 'agv_description' build argument 'cmake_target_skip_unavailable' from command line to 'False'
[2.900s] Level 5:colcon.colcon_core.verb:set package 'agv_description' build argument 'cmake_clean_cache' from command line to 'False'
[2.900s] Level 5:colcon.colcon_core.verb:set package 'agv_description' build argument 'cmake_clean_first' from command line to 'False'
[2.900s] Level 5:colcon.colcon_core.verb:set package 'agv_description' build argument 'cmake_force_configure' from command line to 'False'
[2.900s] Level 5:colcon.colcon_core.verb:set package 'agv_description' build argument 'ament_cmake_args' from command line to 'None'
[2.901s] Level 5:colcon.colcon_core.verb:set package 'agv_description' build argument 'catkin_cmake_args' from command line to 'None'
[2.901s] Level 5:colcon.colcon_core.verb:set package 'agv_description' build argument 'catkin_skip_building_tests' from command line to 'False'
[2.901s] DEBUG:colcon.colcon_core.verb:Building package 'agv_description' with the following arguments: {'ament_cmake_args': None, 'build_base': '/mnt/d/Ethercat_N753-6AX_AGV/ros2_ws/build/agv_description', 'catkin_cmake_args': None, 'catkin_skip_building_tests': False, 'cmake_args': None, 'cmake_clean_cache': False, 'cmake_clean_first': False, 'cmake_force_configure': False, 'cmake_target': None, 'cmake_target_skip_unavailable': False, 'install_base': '/mnt/d/Ethercat_N753-6AX_AGV/ros2_ws/install/agv_description', 'merge_install': False, 'path': '/mnt/d/Ethercat_N753-6AX_AGV/ros2_ws/src/agv_description', 'symlink_install': True, 'test_result_base': None}
[2.901s] INFO:colcon.colcon_core.executor:Executing jobs using 'parallel' executor
[2.902s] DEBUG:colcon.colcon_parallel_executor.executor.parallel:run_until_complete
[2.902s] INFO:colcon.colcon_core.task.python.build:Building Python package in '/mnt/d/Ethercat_N753-6AX_AGV/ros2_ws/src/agv_bringup'
[2.915s] INFO:colcon.colcon_core.plugin_system:Skipping extension 'colcon_core.shell.bat': Not used on non-Windows systems
[2.915s] INFO:colcon.colcon_core.shell:Skip shell extension 'powershell' for command environment: Not usable outside of PowerShell
[2.915s] DEBUG:colcon.colcon_core.shell:Skip shell extension 'dsv' for command environment
[2.959s] INFO:colcon.colcon_core.task.python.build:Building Python package in '/mnt/d/Ethercat_N753-6AX_AGV/ros2_ws/src/agv_description'
[2.959s] INFO:colcon.colcon_core.shell:Skip shell extension 'powershell' for command environment: Not usable outside of PowerShell
[2.960s] DEBUG:colcon.colcon_core.shell:Skip shell extension 'dsv' for command environment
[6.548s] DEBUG:colcon.colcon_core.event_handler.log_command:Invoking command in '/mnt/d/Ethercat_N753-6AX_AGV/ros2_ws/build/agv_bringup': PYTHONPATH=/mnt/d/Ethercat_N753-6AX_AGV/ros2_ws/build/agv_bringup/prefix_override:/usr/lib/python3/dist-packages/colcon_core/task/python/colcon_distutils_commands:/mnt/d/Ethercat_N753-6AX_AGV/ros2_ws/install/agv_bringup/lib/python3.10/site-packages:${PYTHONPATH} /usr/bin/python3 -W ignore:setup.py install is deprecated -W ignore:easy_install command is deprecated setup.py develop --editable --build-directory /mnt/d/Ethercat_N753-6AX_AGV/ros2_ws/build/agv_bringup/build --no-deps symlink_data
[7.185s] DEBUG:colcon.colcon_core.event_handler.log_command:Invoking command in '/mnt/d/Ethercat_N753-6AX_AGV/ros2_ws/build/agv_description': PYTHONPATH=/mnt/d/Ethercat_N753-6AX_AGV/ros2_ws/build/agv_description/prefix_override:/usr/lib/python3/dist-packages/colcon_core/task/python/colcon_distutils_commands:/mnt/d/Ethercat_N753-6AX_AGV/ros2_ws/install/agv_description/lib/python3.10/site-packages:${PYTHONPATH} /usr/bin/python3 -W ignore:setup.py install is deprecated -W ignore:easy_install command is deprecated setup.py develop --editable --build-directory /mnt/d/Ethercat_N753-6AX_AGV/ros2_ws/build/agv_description/build --no-deps symlink_data
[8.368s] Level 1:colcon.colcon_core.shell:create_environment_hook('agv_bringup', 'pythonpath_develop')
[8.368s] INFO:colcon.colcon_core.shell:Creating environment hook '/mnt/d/Ethercat_N753-6AX_AGV/ros2_ws/build/agv_bringup/share/agv_bringup/hook/pythonpath_develop.ps1'
[8.369s] DEBUG:colcon.colcon_core.event_handler.log_command:Invoked command in '/mnt/d/Ethercat_N753-6AX_AGV/ros2_ws/build/agv_bringup' returned '0': PYTHONPATH=/mnt/d/Ethercat_N753-6AX_AGV/ros2_ws/build/agv_bringup/prefix_override:/usr/lib/python3/dist-packages/colcon_core/task/python/colcon_distutils_commands:/mnt/d/Ethercat_N753-6AX_AGV/ros2_ws/install/agv_bringup/lib/python3.10/site-packages:${PYTHONPATH} /usr/bin/python3 -W ignore:setup.py install is deprecated -W ignore:easy_install command is deprecated setup.py develop --editable --build-directory /mnt/d/Ethercat_N753-6AX_AGV/ros2_ws/build/agv_bringup/build --no-deps symlink_data
[8.378s] INFO:colcon.colcon_core.shell:Creating environment descriptor '/mnt/d/Ethercat_N753-6AX_AGV/ros2_ws/build/agv_bringup/share/agv_bringup/hook/pythonpath_develop.dsv'
[8.388s] INFO:colcon.colcon_core.shell:Creating environment hook '/mnt/d/Ethercat_N753-6AX_AGV/ros2_ws/build/agv_bringup/share/agv_bringup/hook/pythonpath_develop.sh'
[8.408s] Level 1:colcon.colcon_core.environment:checking '/mnt/d/Ethercat_N753-6AX_AGV/ros2_ws/install/agv_bringup' for CMake module files
[8.451s] Level 1:colcon.colcon_core.environment:checking '/mnt/d/Ethercat_N753-6AX_AGV/ros2_ws/install/agv_bringup' for CMake config files
[8.553s] Level 1:colcon.colcon_core.environment:checking '/mnt/d/Ethercat_N753-6AX_AGV/ros2_ws/install/agv_bringup/lib'
[8.556s] Level 1:colcon.colcon_core.environment:checking '/mnt/d/Ethercat_N753-6AX_AGV/ros2_ws/install/agv_bringup/bin'
[8.561s] Level 1:colcon.colcon_core.shell:create_environment_hook('agv_bringup', 'path')
[8.562s] INFO:colcon.colcon_core.shell:Creating environment hook '/mnt/d/Ethercat_N753-6AX_AGV/ros2_ws/install/agv_bringup/share/agv_bringup/hook/path.ps1'
[8.573s] INFO:colcon.colcon_core.shell:Creating environment descriptor '/mnt/d/Ethercat_N753-6AX_AGV/ros2_ws/install/agv_bringup/share/agv_bringup/hook/path.dsv'
[8.584s] INFO:colcon.colcon_core.shell:Creating environment hook '/mnt/d/Ethercat_N753-6AX_AGV/ros2_ws/install/agv_bringup/share/agv_bringup/hook/path.sh'
[8.597s] Level 1:colcon.colcon_core.environment:checking '/mnt/d/Ethercat_N753-6AX_AGV/ros2_ws/install/agv_bringup/lib/pkgconfig/agv_bringup.pc'
[8.598s] Level 1:colcon.colcon_core.environment:checking '/mnt/d/Ethercat_N753-6AX_AGV/ros2_ws/install/agv_bringup/lib/python3.10/site-packages'
[8.600s] Level 1:colcon.colcon_core.shell:create_environment_hook('agv_bringup', 'pythonpath')
[8.601s] INFO:colcon.colcon_core.shell:Creating environment hook '/mnt/d/Ethercat_N753-6AX_AGV/ros2_ws/install/agv_bringup/share/agv_bringup/hook/pythonpath.ps1'
[8.613s] INFO:colcon.colcon_core.shell:Creating environment descriptor '/mnt/d/Ethercat_N753-6AX_AGV/ros2_ws/install/agv_bringup/share/agv_bringup/hook/pythonpath.dsv'
[8.625s] INFO:colcon.colcon_core.shell:Creating environment hook '/mnt/d/Ethercat_N753-6AX_AGV/ros2_ws/install/agv_bringup/share/agv_bringup/hook/pythonpath.sh'
[8.637s] Level 1:colcon.colcon_core.environment:checking '/mnt/d/Ethercat_N753-6AX_AGV/ros2_ws/install/agv_bringup/bin'
[8.642s] Level 1:colcon.colcon_core.shell:create_environment_hook('agv_bringup', 'pythonscriptspath')
[8.643s] INFO:colcon.colcon_core.shell:Creating environment hook '/mnt/d/Ethercat_N753-6AX_AGV/ros2_ws/install/agv_bringup/share/agv_bringup/hook/pythonscriptspath.ps1'
[8.655s] INFO:colcon.colcon_core.shell:Creating environment descriptor '/mnt/d/Ethercat_N753-6AX_AGV/ros2_ws/install/agv_bringup/share/agv_bringup/hook/pythonscriptspath.dsv'
[8.668s] INFO:colcon.colcon_core.shell:Creating environment hook '/mnt/d/Ethercat_N753-6AX_AGV/ros2_ws/install/agv_bringup/share/agv_bringup/hook/pythonscriptspath.sh'
[8.680s] Level 1:colcon.colcon_core.environment:create_environment_scripts_only(agv_bringup)
[8.681s] INFO:colcon.colcon_core.shell:Creating package script '/mnt/d/Ethercat_N753-6AX_AGV/ros2_ws/install/agv_bringup/share/agv_bringup/package.ps1'
[8.692s] INFO:colcon.colcon_core.shell:Creating package descriptor '/mnt/d/Ethercat_N753-6AX_AGV/ros2_ws/install/agv_bringup/share/agv_bringup/package.dsv'
[8.702s] INFO:colcon.colcon_core.shell:Creating package script '/mnt/d/Ethercat_N753-6AX_AGV/ros2_ws/install/agv_bringup/share/agv_bringup/package.sh'
[8.712s] INFO:colcon.colcon_core.shell:Creating package script '/mnt/d/Ethercat_N753-6AX_AGV/ros2_ws/install/agv_bringup/share/agv_bringup/package.bash'
[8.720s] INFO:colcon.colcon_core.shell:Creating package script '/mnt/d/Ethercat_N753-6AX_AGV/ros2_ws/install/agv_bringup/share/agv_bringup/package.zsh'
[8.730s] Level 1:colcon.colcon_core.environment:create_file_with_runtime_dependencies(/mnt/d/Ethercat_N753-6AX_AGV/ros2_ws/install/agv_bringup/share/colcon-core/packages/agv_bringup)
[8.837s] Level 1:colcon.colcon_core.shell:create_environment_hook('agv_description', 'pythonpath_develop')
[8.837s] INFO:colcon.colcon_core.shell:Creating environment hook '/mnt/d/Ethercat_N753-6AX_AGV/ros2_ws/build/agv_description/share/agv_description/hook/pythonpath_develop.ps1'
[8.838s] DEBUG:colcon.colcon_core.event_handler.log_command:Invoked command in '/mnt/d/Ethercat_N753-6AX_AGV/ros2_ws/build/agv_description' returned '0': PYTHONPATH=/mnt/d/Ethercat_N753-6AX_AGV/ros2_ws/build/agv_description/prefix_override:/usr/lib/python3/dist-packages/colcon_core/task/python/colcon_distutils_commands:/mnt/d/Ethercat_N753-6AX_AGV/ros2_ws/install/agv_description/lib/python3.10/site-packages:${PYTHONPATH} /usr/bin/python3 -W ignore:setup.py install is deprecated -W ignore:easy_install command is deprecated setup.py develop --editable --build-directory /mnt/d/Ethercat_N753-6AX_AGV/ros2_ws/build/agv_description/build --no-deps symlink_data
[8.849s] INFO:colcon.colcon_core.shell:Creating environment descriptor '/mnt/d/Ethercat_N753-6AX_AGV/ros2_ws/build/agv_description/share/agv_description/hook/pythonpath_develop.dsv'
[8.859s] INFO:colcon.colcon_core.shell:Creating environment hook '/mnt/d/Ethercat_N753-6AX_AGV/ros2_ws/build/agv_description/share/agv_description/hook/pythonpath_develop.sh'
[8.870s] Level 1:colcon.colcon_core.environment:checking '/mnt/d/Ethercat_N753-6AX_AGV/ros2_ws/install/agv_description' for CMake module files
[8.912s] Level 1:colcon.colcon_core.environment:checking '/mnt/d/Ethercat_N753-6AX_AGV/ros2_ws/install/agv_description' for CMake config files
[8.989s] Level 1:colcon.colcon_core.environment:checking '/mnt/d/Ethercat_N753-6AX_AGV/ros2_ws/install/agv_description/lib'
[8.993s] Level 1:colcon.colcon_core.environment:checking '/mnt/d/Ethercat_N753-6AX_AGV/ros2_ws/install/agv_description/bin'
[8.994s] Level 1:colcon.colcon_core.environment:checking '/mnt/d/Ethercat_N753-6AX_AGV/ros2_ws/install/agv_description/lib/pkgconfig/agv_description.pc'
[8.995s] Level 1:colcon.colcon_core.environment:checking '/mnt/d/Ethercat_N753-6AX_AGV/ros2_ws/install/agv_description/lib/python3.10/site-packages'
[8.997s] Level 1:colcon.colcon_core.shell:create_environment_hook('agv_description', 'pythonpath')
[8.998s] INFO:colcon.colcon_core.shell:Creating environment hook '/mnt/d/Ethercat_N753-6AX_AGV/ros2_ws/install/agv_description/share/agv_description/hook/pythonpath.ps1'
[9.008s] INFO:colcon.colcon_core.shell:Creating environment descriptor '/mnt/d/Ethercat_N753-6AX_AGV/ros2_ws/install/agv_description/share/agv_description/hook/pythonpath.dsv'
[9.019s] INFO:colcon.colcon_core.shell:Creating environment hook '/mnt/d/Ethercat_N753-6AX_AGV/ros2_ws/install/agv_description/share/agv_description/hook/pythonpath.sh'
[9.030s] Level 1:colcon.colcon_core.environment:checking '/mnt/d/Ethercat_N753-6AX_AGV/ros2_ws/install/agv_description/bin'
[9.031s] Level 1:colcon.colcon_core.environment:create_environment_scripts_only(agv_description)
[9.031s] INFO:colcon.colcon_core.shell:Creating package script '/mnt/d/Ethercat_N753-6AX_AGV/ros2_ws/install/agv_description/share/agv_description/package.ps1'
[9.040s] INFO:colcon.colcon_core.shell:Creating package descriptor '/mnt/d/Ethercat_N753-6AX_AGV/ros2_ws/install/agv_description/share/agv_description/package.dsv'
[9.049s] INFO:colcon.colcon_core.shell:Creating package script '/mnt/d/Ethercat_N753-6AX_AGV/ros2_ws/install/agv_description/share/agv_description/package.sh'
[9.059s] INFO:colcon.colcon_core.shell:Creating package script '/mnt/d/Ethercat_N753-6AX_AGV/ros2_ws/install/agv_description/share/agv_description/package.bash'
[9.068s] INFO:colcon.colcon_core.shell:Creating package script '/mnt/d/Ethercat_N753-6AX_AGV/ros2_ws/install/agv_description/share/agv_description/package.zsh'
[9.077s] Level 1:colcon.colcon_core.environment:create_file_with_runtime_dependencies(/mnt/d/Ethercat_N753-6AX_AGV/ros2_ws/install/agv_description/share/colcon-core/packages/agv_description)
[9.084s] DEBUG:colcon.colcon_parallel_executor.executor.parallel:closing loop
[9.084s] DEBUG:colcon.colcon_parallel_executor.executor.parallel:loop closed
[9.085s] DEBUG:colcon.colcon_parallel_executor.executor.parallel:run_until_complete finished with '0'
[9.085s] DEBUG:colcon.colcon_core.event_reactor:joining thread
[9.161s] INFO:colcon.colcon_core.plugin_system:Skipping extension 'colcon_notification.desktop_notification.notify_send': Could not find 'notify-send'
[9.161s] INFO:colcon.colcon_core.plugin_system:Skipping extension 'colcon_notification.desktop_notification.terminal_notifier': Not used on non-Darwin systems
[9.161s] INFO:colcon.colcon_core.plugin_system:Skipping extension 'colcon_notification.desktop_notification.win32': Not used on non-Windows systems
[9.162s] INFO:colcon.colcon_notification.desktop_notification:Sending desktop notification using 'notify2'
[9.162s] DEBUG:colcon.colcon_notification.desktop_notification.notify2:Failed to initialize notify2: org.freedesktop.DBus.Error.FileNotFound: Failed to connect to socket /run/user/1000/bus: No such file or directory
[9.162s] DEBUG:colcon.colcon_core.event_reactor:joined thread
[9.163s] INFO:colcon.colcon_core.shell:Creating prefix script '/mnt/d/Ethercat_N753-6AX_AGV/ros2_ws/install/local_setup.ps1'
[9.167s] INFO:colcon.colcon_core.shell:Creating prefix util module '/mnt/d/Ethercat_N753-6AX_AGV/ros2_ws/install/_local_setup_util_ps1.py'
[9.172s] INFO:colcon.colcon_core.shell:Creating prefix chain script '/mnt/d/Ethercat_N753-6AX_AGV/ros2_ws/install/setup.ps1'
[9.186s] INFO:colcon.colcon_core.shell:Creating prefix script '/mnt/d/Ethercat_N753-6AX_AGV/ros2_ws/install/local_setup.sh'
[9.190s] INFO:colcon.colcon_core.shell:Creating prefix util module '/mnt/d/Ethercat_N753-6AX_AGV/ros2_ws/install/_local_setup_util_sh.py'
[9.194s] INFO:colcon.colcon_core.shell:Creating prefix chain script '/mnt/d/Ethercat_N753-6AX_AGV/ros2_ws/install/setup.sh'
[9.209s] INFO:colcon.colcon_core.shell:Creating prefix script '/mnt/d/Ethercat_N753-6AX_AGV/ros2_ws/install/local_setup.bash'
[9.213s] INFO:colcon.colcon_core.shell:Creating prefix chain script '/mnt/d/Ethercat_N753-6AX_AGV/ros2_ws/install/setup.bash'
[9.228s] INFO:colcon.colcon_core.shell:Creating prefix script '/mnt/d/Ethercat_N753-6AX_AGV/ros2_ws/install/local_setup.zsh'
[9.232s] INFO:colcon.colcon_core.shell:Creating prefix chain script '/mnt/d/Ethercat_N753-6AX_AGV/ros2_ws/install/setup.zsh'
