[0.633s] DEBUG:colcon:Command line arguments: ['/usr/bin/colcon', 'build', '--symlink-install']
[0.634s] DEBUG:colcon:Parsed command line arguments: Namespace(log_base=None, log_level=None, verb_name='build', build_base='build', install_base='install', merge_install=False, symlink_install=True, test_result_base=None, continue_on_error=False, executor='parallel', parallel_workers=16, event_handlers=None, ignore_user_meta=False, metas=['./colcon.meta'], base_paths=['.'], packages_ignore=None, packages_ignore_regex=None, paths=None, packages_up_to=None, packages_up_to_regex=None, packages_above=None, packages_above_and_dependencies=None, packages_above_depth=None, packages_select_by_dep=None, packages_skip_by_dep=None, packages_skip_up_to=None, packages_select_build_failed=False, packages_skip_build_finished=False, packages_select_test_failures=False, packages_skip_test_passed=False, packages_select=None, packages_skip=None, packages_select_regex=None, packages_skip_regex=None, packages_start=None, packages_end=None, allow_overriding=[], cmake_args=None, cmake_target=None, cmake_target_skip_unavailable=False, cmake_clean_cache=False, cmake_clean_first=False, cmake_force_configure=False, ament_cmake_args=None, catkin_cmake_args=None, catkin_skip_building_tests=False, verb_parser=<colcon_defaults.argument_parser.defaults.DefaultArgumentsDecorator object at 0x743271858220>, verb_extension=<colcon_core.verb.build.BuildVerb object at 0x7432719cc910>, main=<bound method BuildVerb.main of <colcon_core.verb.build.BuildVerb object at 0x7432719cc910>>)
[0.892s] Level 1:colcon.colcon_core.package_discovery:discover_packages(colcon_meta) check parameters
[0.893s] Level 1:colcon.colcon_core.package_discovery:discover_packages(recursive) check parameters
[0.893s] Level 1:colcon.colcon_core.package_discovery:discover_packages(ignore) check parameters
[0.893s] Level 1:colcon.colcon_core.package_discovery:discover_packages(path) check parameters
[0.893s] Level 1:colcon.colcon_core.package_discovery:discover_packages(colcon_meta) discover
[0.893s] Level 1:colcon.colcon_core.package_discovery:discover_packages(recursive) discover
[0.894s] INFO:colcon.colcon_core.package_discovery:Crawling recursively for packages in '/mnt/d/Ethercat_N753-6AX_AGV/ros2_ws'
[0.895s] Level 1:colcon.colcon_core.package_identification:_identify(.) by extensions ['ignore', 'ignore_ament_install']
[0.895s] Level 1:colcon.colcon_core.package_identification:_identify(.) by extension 'ignore'
[0.896s] Level 1:colcon.colcon_core.package_identification:_identify(.) by extension 'ignore_ament_install'
[0.896s] Level 1:colcon.colcon_core.package_identification:_identify(.) by extensions ['colcon_pkg']
[0.896s] Level 1:colcon.colcon_core.package_identification:_identify(.) by extension 'colcon_pkg'
[0.897s] Level 1:colcon.colcon_core.package_identification:_identify(.) by extensions ['colcon_meta']
[0.897s] Level 1:colcon.colcon_core.package_identification:_identify(.) by extension 'colcon_meta'
[0.897s] Level 1:colcon.colcon_core.package_identification:_identify(.) by extensions ['ros']
[0.897s] Level 1:colcon.colcon_core.package_identification:_identify(.) by extension 'ros'
[0.910s] Level 1:colcon.colcon_core.package_identification:_identify(.) by extensions ['cmake', 'python']
[0.910s] Level 1:colcon.colcon_core.package_identification:_identify(.) by extension 'cmake'
[0.911s] Level 1:colcon.colcon_core.package_identification:_identify(.) by extension 'python'
[0.911s] Level 1:colcon.colcon_core.package_identification:_identify(.) by extensions ['python_setup_py']
[0.911s] Level 1:colcon.colcon_core.package_identification:_identify(.) by extension 'python_setup_py'
[0.914s] Level 1:colcon.colcon_core.package_identification:_identify(build) by extensions ['ignore', 'ignore_ament_install']
[0.914s] Level 1:colcon.colcon_core.package_identification:_identify(build) by extension 'ignore'
[0.915s] Level 1:colcon.colcon_core.package_identification:_identify(build) ignored
[0.917s] Level 1:colcon.colcon_core.package_identification:_identify(install) by extensions ['ignore', 'ignore_ament_install']
[0.917s] Level 1:colcon.colcon_core.package_identification:_identify(install) by extension 'ignore'
[0.918s] Level 1:colcon.colcon_core.package_identification:_identify(install) ignored
[0.922s] Level 1:colcon.colcon_core.package_identification:_identify(log) by extensions ['ignore', 'ignore_ament_install']
[0.922s] Level 1:colcon.colcon_core.package_identification:_identify(log) by extension 'ignore'
[0.923s] Level 1:colcon.colcon_core.package_identification:_identify(log) ignored
[0.925s] Level 1:colcon.colcon_core.package_identification:_identify(src) by extensions ['ignore', 'ignore_ament_install']
[0.925s] Level 1:colcon.colcon_core.package_identification:_identify(src) by extension 'ignore'
[0.926s] Level 1:colcon.colcon_core.package_identification:_identify(src) by extension 'ignore_ament_install'
[0.927s] Level 1:colcon.colcon_core.package_identification:_identify(src) by extensions ['colcon_pkg']
[0.927s] Level 1:colcon.colcon_core.package_identification:_identify(src) by extension 'colcon_pkg'
[0.928s] Level 1:colcon.colcon_core.package_identification:_identify(src) by extensions ['colcon_meta']
[0.928s] Level 1:colcon.colcon_core.package_identification:_identify(src) by extension 'colcon_meta'
[0.929s] Level 1:colcon.colcon_core.package_identification:_identify(src) by extensions ['ros']
[0.929s] Level 1:colcon.colcon_core.package_identification:_identify(src) by extension 'ros'
[0.931s] Level 1:colcon.colcon_core.package_identification:_identify(src) by extensions ['cmake', 'python']
[0.932s] Level 1:colcon.colcon_core.package_identification:_identify(src) by extension 'cmake'
[0.932s] Level 1:colcon.colcon_core.package_identification:_identify(src) by extension 'python'
[0.933s] Level 1:colcon.colcon_core.package_identification:_identify(src) by extensions ['python_setup_py']
[0.933s] Level 1:colcon.colcon_core.package_identification:_identify(src) by extension 'python_setup_py'
[0.937s] Level 1:colcon.colcon_core.package_identification:_identify(src/agv_bringup) by extensions ['ignore', 'ignore_ament_install']
[0.937s] Level 1:colcon.colcon_core.package_identification:_identify(src/agv_bringup) by extension 'ignore'
[0.938s] Level 1:colcon.colcon_core.package_identification:_identify(src/agv_bringup) by extension 'ignore_ament_install'
[0.940s] Level 1:colcon.colcon_core.package_identification:_identify(src/agv_bringup) by extensions ['colcon_pkg']
[0.940s] Level 1:colcon.colcon_core.package_identification:_identify(src/agv_bringup) by extension 'colcon_pkg'
[0.941s] Level 1:colcon.colcon_core.package_identification:_identify(src/agv_bringup) by extensions ['colcon_meta']
[0.942s] Level 1:colcon.colcon_core.package_identification:_identify(src/agv_bringup) by extension 'colcon_meta'
[0.943s] Level 1:colcon.colcon_core.package_identification:_identify(src/agv_bringup) by extensions ['ros']
[0.943s] Level 1:colcon.colcon_core.package_identification:_identify(src/agv_bringup) by extension 'ros'
[0.961s] DEBUG:colcon.colcon_core.package_identification:Failed to parse potential ROS package manifest in'src/agv_bringup': Error(s) in package 'src/agv_bringup/package.xml':
Invalid email "agv@local" for person "AGV Team"
[0.962s] Level 1:colcon.colcon_core.package_identification:_identify(src/agv_bringup) by extensions ['cmake', 'python']
[0.962s] Level 1:colcon.colcon_core.package_identification:_identify(src/agv_bringup) by extension 'cmake'
[0.963s] Level 1:colcon.colcon_core.package_identification:_identify(src/agv_bringup) by extension 'python'
[0.965s] Level 1:colcon.colcon_core.package_identification:_identify(src/agv_bringup) by extensions ['python_setup_py']
[0.966s] Level 1:colcon.colcon_core.package_identification:_identify(src/agv_bringup) by extension 'python_setup_py'
[1.810s] DEBUG:colcon.colcon_core.package_identification:Package 'src/agv_bringup' with type 'python' and name 'agv_bringup'
[1.814s] Level 1:colcon.colcon_core.package_identification:_identify(src/agv_description) by extensions ['ignore', 'ignore_ament_install']
[1.814s] Level 1:colcon.colcon_core.package_identification:_identify(src/agv_description) by extension 'ignore'
[1.815s] Level 1:colcon.colcon_core.package_identification:_identify(src/agv_description) by extension 'ignore_ament_install'
[1.817s] Level 1:colcon.colcon_core.package_identification:_identify(src/agv_description) by extensions ['colcon_pkg']
[1.817s] Level 1:colcon.colcon_core.package_identification:_identify(src/agv_description) by extension 'colcon_pkg'
[1.818s] Level 1:colcon.colcon_core.package_identification:_identify(src/agv_description) by extensions ['colcon_meta']
[1.818s] Level 1:colcon.colcon_core.package_identification:_identify(src/agv_description) by extension 'colcon_meta'
[1.820s] Level 1:colcon.colcon_core.package_identification:_identify(src/agv_description) by extensions ['ros']
[1.820s] Level 1:colcon.colcon_core.package_identification:_identify(src/agv_description) by extension 'ros'
[1.837s] DEBUG:colcon.colcon_core.package_identification:Failed to parse potential ROS package manifest in'src/agv_description': Error(s) in package 'src/agv_description/package.xml':
Invalid email "agv@local" for person "AGV Team"
[1.838s] Level 1:colcon.colcon_core.package_identification:_identify(src/agv_description) by extensions ['cmake', 'python']
[1.838s] Level 1:colcon.colcon_core.package_identification:_identify(src/agv_description) by extension 'cmake'
[1.839s] Level 1:colcon.colcon_core.package_identification:_identify(src/agv_description) by extension 'python'
[1.841s] Level 1:colcon.colcon_core.package_identification:_identify(src/agv_description) by extensions ['python_setup_py']
[1.842s] Level 1:colcon.colcon_core.package_identification:_identify(src/agv_description) by extension 'python_setup_py'
[2.744s] DEBUG:colcon.colcon_core.package_identification:Package 'src/agv_description' with type 'python' and name 'agv_description'
[2.744s] Level 1:colcon.colcon_core.package_discovery:discover_packages(recursive) using defaults
[2.744s] Level 1:colcon.colcon_core.package_discovery:discover_packages(ignore) discover
[2.744s] Level 1:colcon.colcon_core.package_discovery:discover_packages(ignore) using defaults
[2.744s] Level 1:colcon.colcon_core.package_discovery:discover_packages(path) discover
[2.745s] Level 1:colcon.colcon_core.package_discovery:discover_packages(path) using defaults
[2.841s] Level 1:colcon.colcon_core.package_discovery:discover_packages(prefix_path) check parameters
[2.842s] Level 1:colcon.colcon_core.package_discovery:discover_packages(prefix_path) discover
[2.881s] DEBUG:colcon.colcon_installed_package_information.package_discovery:Found 2 installed packages in /home/son/ros2_ws/install
[2.882s] DEBUG:colcon.colcon_installed_package_information.package_discovery:Found 351 installed packages in /opt/ros/humble
[2.889s] Level 1:colcon.colcon_core.package_discovery:discover_packages(prefix_path) using defaults
[2.932s] Level 5:colcon.colcon_core.verb:set package 'agv_bringup' build argument 'cmake_args' from command line to 'None'
[2.932s] Level 5:colcon.colcon_core.verb:set package 'agv_bringup' build argument 'cmake_target' from command line to 'None'
[2.932s] Level 5:colcon.colcon_core.verb:set package 'agv_bringup' build argument 'cmake_target_skip_unavailable' from command line to 'False'
[2.933s] Level 5:colcon.colcon_core.verb:set package 'agv_bringup' build argument 'cmake_clean_cache' from command line to 'False'
[2.933s] Level 5:colcon.colcon_core.verb:set package 'agv_bringup' build argument 'cmake_clean_first' from command line to 'False'
[2.933s] Level 5:colcon.colcon_core.verb:set package 'agv_bringup' build argument 'cmake_force_configure' from command line to 'False'
[2.933s] Level 5:colcon.colcon_core.verb:set package 'agv_bringup' build argument 'ament_cmake_args' from command line to 'None'
[2.933s] Level 5:colcon.colcon_core.verb:set package 'agv_bringup' build argument 'catkin_cmake_args' from command line to 'None'
[2.933s] Level 5:colcon.colcon_core.verb:set package 'agv_bringup' build argument 'catkin_skip_building_tests' from command line to 'False'
[2.934s] DEBUG:colcon.colcon_core.verb:Building package 'agv_bringup' with the following arguments: {'ament_cmake_args': None, 'build_base': '/mnt/d/Ethercat_N753-6AX_AGV/ros2_ws/build/agv_bringup', 'catkin_cmake_args': None, 'catkin_skip_building_tests': False, 'cmake_args': None, 'cmake_clean_cache': False, 'cmake_clean_first': False, 'cmake_force_configure': False, 'cmake_target': None, 'cmake_target_skip_unavailable': False, 'install_base': '/mnt/d/Ethercat_N753-6AX_AGV/ros2_ws/install/agv_bringup', 'merge_install': False, 'path': '/mnt/d/Ethercat_N753-6AX_AGV/ros2_ws/src/agv_bringup', 'symlink_install': True, 'test_result_base': None}
[2.934s] Level 5:colcon.colcon_core.verb:set package 'agv_description' build argument 'cmake_args' from command line to 'None'
[2.934s] Level 5:colcon.colcon_core.verb:set package 'agv_description' build argument 'cmake_target' from command line to 'None'
[2.934s] Level 5:colcon.colcon_core.verb:set package 'agv_description' build argument 'cmake_target_skip_unavailable' from command line to 'False'
[2.935s] Level 5:colcon.colcon_core.verb:set package 'agv_description' build argument 'cmake_clean_cache' from command line to 'False'
[2.935s] Level 5:colcon.colcon_core.verb:set package 'agv_description' build argument 'cmake_clean_first' from command line to 'False'
[2.935s] Level 5:colcon.colcon_core.verb:set package 'agv_description' build argument 'cmake_force_configure' from command line to 'False'
[2.935s] Level 5:colcon.colcon_core.verb:set package 'agv_description' build argument 'ament_cmake_args' from command line to 'None'
[2.935s] Level 5:colcon.colcon_core.verb:set package 'agv_description' build argument 'catkin_cmake_args' from command line to 'None'
[2.936s] Level 5:colcon.colcon_core.verb:set package 'agv_description' build argument 'catkin_skip_building_tests' from command line to 'False'
[2.936s] DEBUG:colcon.colcon_core.verb:Building package 'agv_description' with the following arguments: {'ament_cmake_args': None, 'build_base': '/mnt/d/Ethercat_N753-6AX_AGV/ros2_ws/build/agv_description', 'catkin_cmake_args': None, 'catkin_skip_building_tests': False, 'cmake_args': None, 'cmake_clean_cache': False, 'cmake_clean_first': False, 'cmake_force_configure': False, 'cmake_target': None, 'cmake_target_skip_unavailable': False, 'install_base': '/mnt/d/Ethercat_N753-6AX_AGV/ros2_ws/install/agv_description', 'merge_install': False, 'path': '/mnt/d/Ethercat_N753-6AX_AGV/ros2_ws/src/agv_description', 'symlink_install': True, 'test_result_base': None}
[2.936s] INFO:colcon.colcon_core.executor:Executing jobs using 'parallel' executor
[2.937s] DEBUG:colcon.colcon_parallel_executor.executor.parallel:run_until_complete
[2.937s] INFO:colcon.colcon_core.task.python.build:Building Python package in '/mnt/d/Ethercat_N753-6AX_AGV/ros2_ws/src/agv_bringup'
[2.950s] INFO:colcon.colcon_core.plugin_system:Skipping extension 'colcon_core.shell.bat': Not used on non-Windows systems
[2.950s] INFO:colcon.colcon_core.shell:Skip shell extension 'powershell' for command environment: Not usable outside of PowerShell
[2.950s] DEBUG:colcon.colcon_core.shell:Skip shell extension 'dsv' for command environment
[2.995s] INFO:colcon.colcon_core.task.python.build:Building Python package in '/mnt/d/Ethercat_N753-6AX_AGV/ros2_ws/src/agv_description'
[2.995s] INFO:colcon.colcon_core.shell:Skip shell extension 'powershell' for command environment: Not usable outside of PowerShell
[2.996s] DEBUG:colcon.colcon_core.shell:Skip shell extension 'dsv' for command environment
[5.704s] DEBUG:colcon.colcon_core.event_handler.log_command:Invoking command in '/mnt/d/Ethercat_N753-6AX_AGV/ros2_ws/build/agv_bringup': PYTHONPATH=/mnt/d/Ethercat_N753-6AX_AGV/ros2_ws/build/agv_bringup/prefix_override:/usr/lib/python3/dist-packages/colcon_core/task/python/colcon_distutils_commands:/mnt/d/Ethercat_N753-6AX_AGV/ros2_ws/install/agv_bringup/lib/python3.10/site-packages:${PYTHONPATH} /usr/bin/python3 -W ignore:setup.py install is deprecated -W ignore:easy_install command is deprecated setup.py develop --editable --build-directory /mnt/d/Ethercat_N753-6AX_AGV/ros2_ws/build/agv_bringup/build --no-deps symlink_data
[6.350s] DEBUG:colcon.colcon_core.event_handler.log_command:Invoking command in '/mnt/d/Ethercat_N753-6AX_AGV/ros2_ws/build/agv_description': PYTHONPATH=/mnt/d/Ethercat_N753-6AX_AGV/ros2_ws/build/agv_description/prefix_override:/usr/lib/python3/dist-packages/colcon_core/task/python/colcon_distutils_commands:/mnt/d/Ethercat_N753-6AX_AGV/ros2_ws/install/agv_description/lib/python3.10/site-packages:${PYTHONPATH} /usr/bin/python3 -W ignore:setup.py install is deprecated -W ignore:easy_install command is deprecated setup.py develop --editable --build-directory /mnt/d/Ethercat_N753-6AX_AGV/ros2_ws/build/agv_description/build --no-deps symlink_data
[7.543s] Level 1:colcon.colcon_core.shell:create_environment_hook('agv_bringup', 'pythonpath_develop')
[7.543s] INFO:colcon.colcon_core.shell:Creating environment hook '/mnt/d/Ethercat_N753-6AX_AGV/ros2_ws/build/agv_bringup/share/agv_bringup/hook/pythonpath_develop.ps1'
[7.544s] DEBUG:colcon.colcon_core.event_handler.log_command:Invoked command in '/mnt/d/Ethercat_N753-6AX_AGV/ros2_ws/build/agv_bringup' returned '0': PYTHONPATH=/mnt/d/Ethercat_N753-6AX_AGV/ros2_ws/build/agv_bringup/prefix_override:/usr/lib/python3/dist-packages/colcon_core/task/python/colcon_distutils_commands:/mnt/d/Ethercat_N753-6AX_AGV/ros2_ws/install/agv_bringup/lib/python3.10/site-packages:${PYTHONPATH} /usr/bin/python3 -W ignore:setup.py install is deprecated -W ignore:easy_install command is deprecated setup.py develop --editable --build-directory /mnt/d/Ethercat_N753-6AX_AGV/ros2_ws/build/agv_bringup/build --no-deps symlink_data
[7.555s] INFO:colcon.colcon_core.shell:Creating environment descriptor '/mnt/d/Ethercat_N753-6AX_AGV/ros2_ws/build/agv_bringup/share/agv_bringup/hook/pythonpath_develop.dsv'
[7.566s] INFO:colcon.colcon_core.shell:Creating environment hook '/mnt/d/Ethercat_N753-6AX_AGV/ros2_ws/build/agv_bringup/share/agv_bringup/hook/pythonpath_develop.sh'
[7.586s] Level 1:colcon.colcon_core.environment:checking '/mnt/d/Ethercat_N753-6AX_AGV/ros2_ws/install/agv_bringup' for CMake module files
[7.630s] Level 1:colcon.colcon_core.environment:checking '/mnt/d/Ethercat_N753-6AX_AGV/ros2_ws/install/agv_bringup' for CMake config files
[7.735s] Level 1:colcon.colcon_core.environment:checking '/mnt/d/Ethercat_N753-6AX_AGV/ros2_ws/install/agv_bringup/lib'
[7.738s] Level 1:colcon.colcon_core.environment:checking '/mnt/d/Ethercat_N753-6AX_AGV/ros2_ws/install/agv_bringup/bin'
[7.744s] Level 1:colcon.colcon_core.shell:create_environment_hook('agv_bringup', 'path')
[7.744s] INFO:colcon.colcon_core.shell:Creating environment hook '/mnt/d/Ethercat_N753-6AX_AGV/ros2_ws/install/agv_bringup/share/agv_bringup/hook/path.ps1'
[7.755s] INFO:colcon.colcon_core.shell:Creating environment descriptor '/mnt/d/Ethercat_N753-6AX_AGV/ros2_ws/install/agv_bringup/share/agv_bringup/hook/path.dsv'
[7.767s] INFO:colcon.colcon_core.shell:Creating environment hook '/mnt/d/Ethercat_N753-6AX_AGV/ros2_ws/install/agv_bringup/share/agv_bringup/hook/path.sh'
[7.780s] Level 1:colcon.colcon_core.environment:checking '/mnt/d/Ethercat_N753-6AX_AGV/ros2_ws/install/agv_bringup/lib/pkgconfig/agv_bringup.pc'
[7.782s] Level 1:colcon.colcon_core.environment:checking '/mnt/d/Ethercat_N753-6AX_AGV/ros2_ws/install/agv_bringup/lib/python3.10/site-packages'
[7.784s] Level 1:colcon.colcon_core.shell:create_environment_hook('agv_bringup', 'pythonpath')
[7.784s] INFO:colcon.colcon_core.shell:Creating environment hook '/mnt/d/Ethercat_N753-6AX_AGV/ros2_ws/install/agv_bringup/share/agv_bringup/hook/pythonpath.ps1'
[7.796s] INFO:colcon.colcon_core.shell:Creating environment descriptor '/mnt/d/Ethercat_N753-6AX_AGV/ros2_ws/install/agv_bringup/share/agv_bringup/hook/pythonpath.dsv'
[7.808s] INFO:colcon.colcon_core.shell:Creating environment hook '/mnt/d/Ethercat_N753-6AX_AGV/ros2_ws/install/agv_bringup/share/agv_bringup/hook/pythonpath.sh'
[7.821s] Level 1:colcon.colcon_core.environment:checking '/mnt/d/Ethercat_N753-6AX_AGV/ros2_ws/install/agv_bringup/bin'
[7.826s] Level 1:colcon.colcon_core.shell:create_environment_hook('agv_bringup', 'pythonscriptspath')
[7.826s] INFO:colcon.colcon_core.shell:Creating environment hook '/mnt/d/Ethercat_N753-6AX_AGV/ros2_ws/install/agv_bringup/share/agv_bringup/hook/pythonscriptspath.ps1'
[7.839s] INFO:colcon.colcon_core.shell:Creating environment descriptor '/mnt/d/Ethercat_N753-6AX_AGV/ros2_ws/install/agv_bringup/share/agv_bringup/hook/pythonscriptspath.dsv'
[7.851s] INFO:colcon.colcon_core.shell:Creating environment hook '/mnt/d/Ethercat_N753-6AX_AGV/ros2_ws/install/agv_bringup/share/agv_bringup/hook/pythonscriptspath.sh'
[7.863s] Level 1:colcon.colcon_core.environment:create_environment_scripts_only(agv_bringup)
[7.864s] INFO:colcon.colcon_core.shell:Creating package script '/mnt/d/Ethercat_N753-6AX_AGV/ros2_ws/install/agv_bringup/share/agv_bringup/package.ps1'
[7.875s] INFO:colcon.colcon_core.shell:Creating package descriptor '/mnt/d/Ethercat_N753-6AX_AGV/ros2_ws/install/agv_bringup/share/agv_bringup/package.dsv'
[7.885s] INFO:colcon.colcon_core.shell:Creating package script '/mnt/d/Ethercat_N753-6AX_AGV/ros2_ws/install/agv_bringup/share/agv_bringup/package.sh'
[7.894s] INFO:colcon.colcon_core.shell:Creating package script '/mnt/d/Ethercat_N753-6AX_AGV/ros2_ws/install/agv_bringup/share/agv_bringup/package.bash'
[7.904s] INFO:colcon.colcon_core.shell:Creating package script '/mnt/d/Ethercat_N753-6AX_AGV/ros2_ws/install/agv_bringup/share/agv_bringup/package.zsh'
[7.914s] Level 1:colcon.colcon_core.environment:create_file_with_runtime_dependencies(/mnt/d/Ethercat_N753-6AX_AGV/ros2_ws/install/agv_bringup/share/colcon-core/packages/agv_bringup)
[8.019s] Level 1:colcon.colcon_core.shell:create_environment_hook('agv_description', 'pythonpath_develop')
[8.020s] INFO:colcon.colcon_core.shell:Creating environment hook '/mnt/d/Ethercat_N753-6AX_AGV/ros2_ws/build/agv_description/share/agv_description/hook/pythonpath_develop.ps1'
[8.021s] DEBUG:colcon.colcon_core.event_handler.log_command:Invoked command in '/mnt/d/Ethercat_N753-6AX_AGV/ros2_ws/build/agv_description' returned '0': PYTHONPATH=/mnt/d/Ethercat_N753-6AX_AGV/ros2_ws/build/agv_description/prefix_override:/usr/lib/python3/dist-packages/colcon_core/task/python/colcon_distutils_commands:/mnt/d/Ethercat_N753-6AX_AGV/ros2_ws/install/agv_description/lib/python3.10/site-packages:${PYTHONPATH} /usr/bin/python3 -W ignore:setup.py install is deprecated -W ignore:easy_install command is deprecated setup.py develop --editable --build-directory /mnt/d/Ethercat_N753-6AX_AGV/ros2_ws/build/agv_description/build --no-deps symlink_data
[8.032s] INFO:colcon.colcon_core.shell:Creating environment descriptor '/mnt/d/Ethercat_N753-6AX_AGV/ros2_ws/build/agv_description/share/agv_description/hook/pythonpath_develop.dsv'
[8.043s] INFO:colcon.colcon_core.shell:Creating environment hook '/mnt/d/Ethercat_N753-6AX_AGV/ros2_ws/build/agv_description/share/agv_description/hook/pythonpath_develop.sh'
[8.055s] Level 1:colcon.colcon_core.environment:checking '/mnt/d/Ethercat_N753-6AX_AGV/ros2_ws/install/agv_description' for CMake module files
[8.099s] Level 1:colcon.colcon_core.environment:checking '/mnt/d/Ethercat_N753-6AX_AGV/ros2_ws/install/agv_description' for CMake config files
[8.180s] Level 1:colcon.colcon_core.environment:checking '/mnt/d/Ethercat_N753-6AX_AGV/ros2_ws/install/agv_description/lib'
[8.183s] Level 1:colcon.colcon_core.environment:checking '/mnt/d/Ethercat_N753-6AX_AGV/ros2_ws/install/agv_description/bin'
[8.184s] Level 1:colcon.colcon_core.environment:checking '/mnt/d/Ethercat_N753-6AX_AGV/ros2_ws/install/agv_description/lib/pkgconfig/agv_description.pc'
[8.186s] Level 1:colcon.colcon_core.environment:checking '/mnt/d/Ethercat_N753-6AX_AGV/ros2_ws/install/agv_description/lib/python3.10/site-packages'
[8.188s] Level 1:colcon.colcon_core.shell:create_environment_hook('agv_description', 'pythonpath')
[8.188s] INFO:colcon.colcon_core.shell:Creating environment hook '/mnt/d/Ethercat_N753-6AX_AGV/ros2_ws/install/agv_description/share/agv_description/hook/pythonpath.ps1'
[8.200s] INFO:colcon.colcon_core.shell:Creating environment descriptor '/mnt/d/Ethercat_N753-6AX_AGV/ros2_ws/install/agv_description/share/agv_description/hook/pythonpath.dsv'
[8.211s] INFO:colcon.colcon_core.shell:Creating environment hook '/mnt/d/Ethercat_N753-6AX_AGV/ros2_ws/install/agv_description/share/agv_description/hook/pythonpath.sh'
[8.223s] Level 1:colcon.colcon_core.environment:checking '/mnt/d/Ethercat_N753-6AX_AGV/ros2_ws/install/agv_description/bin'
[8.224s] Level 1:colcon.colcon_core.environment:create_environment_scripts_only(agv_description)
[8.224s] INFO:colcon.colcon_core.shell:Creating package script '/mnt/d/Ethercat_N753-6AX_AGV/ros2_ws/install/agv_description/share/agv_description/package.ps1'
[8.234s] INFO:colcon.colcon_core.shell:Creating package descriptor '/mnt/d/Ethercat_N753-6AX_AGV/ros2_ws/install/agv_description/share/agv_description/package.dsv'
[8.244s] INFO:colcon.colcon_core.shell:Creating package script '/mnt/d/Ethercat_N753-6AX_AGV/ros2_ws/install/agv_description/share/agv_description/package.sh'
[8.253s] INFO:colcon.colcon_core.shell:Creating package script '/mnt/d/Ethercat_N753-6AX_AGV/ros2_ws/install/agv_description/share/agv_description/package.bash'
[8.263s] INFO:colcon.colcon_core.shell:Creating package script '/mnt/d/Ethercat_N753-6AX_AGV/ros2_ws/install/agv_description/share/agv_description/package.zsh'
[8.272s] Level 1:colcon.colcon_core.environment:create_file_with_runtime_dependencies(/mnt/d/Ethercat_N753-6AX_AGV/ros2_ws/install/agv_description/share/colcon-core/packages/agv_description)
[8.279s] DEBUG:colcon.colcon_parallel_executor.executor.parallel:closing loop
[8.280s] DEBUG:colcon.colcon_parallel_executor.executor.parallel:loop closed
[8.280s] DEBUG:colcon.colcon_parallel_executor.executor.parallel:run_until_complete finished with '0'
[8.280s] DEBUG:colcon.colcon_core.event_reactor:joining thread
[8.358s] INFO:colcon.colcon_core.plugin_system:Skipping extension 'colcon_notification.desktop_notification.notify_send': Could not find 'notify-send'
[8.359s] INFO:colcon.colcon_core.plugin_system:Skipping extension 'colcon_notification.desktop_notification.terminal_notifier': Not used on non-Darwin systems
[8.359s] INFO:colcon.colcon_core.plugin_system:Skipping extension 'colcon_notification.desktop_notification.win32': Not used on non-Windows systems
[8.359s] INFO:colcon.colcon_notification.desktop_notification:Sending desktop notification using 'notify2'
[8.359s] DEBUG:colcon.colcon_notification.desktop_notification.notify2:Failed to initialize notify2: org.freedesktop.DBus.Error.FileNotFound: Failed to connect to socket /run/user/1000/bus: No such file or directory
[8.360s] DEBUG:colcon.colcon_core.event_reactor:joined thread
[8.360s] INFO:colcon.colcon_core.shell:Creating prefix script '/mnt/d/Ethercat_N753-6AX_AGV/ros2_ws/install/local_setup.ps1'
[8.365s] INFO:colcon.colcon_core.shell:Creating prefix util module '/mnt/d/Ethercat_N753-6AX_AGV/ros2_ws/install/_local_setup_util_ps1.py'
[8.369s] INFO:colcon.colcon_core.shell:Creating prefix chain script '/mnt/d/Ethercat_N753-6AX_AGV/ros2_ws/install/setup.ps1'
[8.385s] INFO:colcon.colcon_core.shell:Creating prefix script '/mnt/d/Ethercat_N753-6AX_AGV/ros2_ws/install/local_setup.sh'
[8.389s] INFO:colcon.colcon_core.shell:Creating prefix util module '/mnt/d/Ethercat_N753-6AX_AGV/ros2_ws/install/_local_setup_util_sh.py'
[8.393s] INFO:colcon.colcon_core.shell:Creating prefix chain script '/mnt/d/Ethercat_N753-6AX_AGV/ros2_ws/install/setup.sh'
[8.408s] INFO:colcon.colcon_core.shell:Creating prefix script '/mnt/d/Ethercat_N753-6AX_AGV/ros2_ws/install/local_setup.bash'
[8.413s] INFO:colcon.colcon_core.shell:Creating prefix chain script '/mnt/d/Ethercat_N753-6AX_AGV/ros2_ws/install/setup.bash'
[8.428s] INFO:colcon.colcon_core.shell:Creating prefix script '/mnt/d/Ethercat_N753-6AX_AGV/ros2_ws/install/local_setup.zsh'
[8.433s] INFO:colcon.colcon_core.shell:Creating prefix chain script '/mnt/d/Ethercat_N753-6AX_AGV/ros2_ws/install/setup.zsh'
